CRITICAL - 2021-12-07 09:31:22 --> session_destroy(): Trying to destroy uninitialized session
#0 [internal function]: CodeIgniter\Debug\Exceptions->errorHandler(2, 'session_destroy...', 'C:\\xampp\\htdocs...', 35, Array)
#1 C:\xampp\htdocs\code_team4\app\Controllers\Login_show.php(35): session_destroy()
#2 C:\xampp\htdocs\code_team4\system\CodeIgniter.php(928): App\Controllers\Login_show->logout()
#3 C:\xampp\htdocs\code_team4\system\CodeIgniter.php(436): CodeIgniter\CodeIgniter->runController(Object(App\Controllers\Login_show))
#4 C:\xampp\htdocs\code_team4\system\CodeIgniter.php(336): CodeIgniter\CodeIgniter->handleRequest(NULL, Object(Config\Cache), false)
#5 C:\xampp\htdocs\code_team4\public\index.php(37): CodeIgniter\CodeIgniter->run()
#6 {main}
CRITICAL - 2021-12-07 09:31:47 --> session_destroy(): Trying to destroy uninitialized session
#0 [internal function]: CodeIgniter\Debug\Exceptions->errorHandler(2, 'session_destroy...', 'C:\\xampp\\htdocs...', 36, Array)
#1 C:\xampp\htdocs\code_team4\app\Controllers\Login_show.php(36): session_destroy()
#2 C:\xampp\htdocs\code_team4\system\CodeIgniter.php(928): App\Controllers\Login_show->logout()
#3 C:\xampp\htdocs\code_team4\system\CodeIgniter.php(436): CodeIgniter\CodeIgniter->runController(Object(App\Controllers\Login_show))
#4 C:\xampp\htdocs\code_team4\system\CodeIgniter.php(336): CodeIgniter\CodeIgniter->handleRequest(NULL, Object(Config\Cache), false)
#5 C:\xampp\htdocs\code_team4\public\index.php(37): CodeIgniter\CodeIgniter->run()
#6 {main}
CRITICAL - 2021-12-07 09:31:54 --> session_destroy(): Trying to destroy uninitialized session
#0 [internal function]: CodeIgniter\Debug\Exceptions->errorHandler(2, 'session_destroy...', 'C:\\xampp\\htdocs...', 36, Array)
#1 C:\xampp\htdocs\code_team4\app\Controllers\Login_show.php(36): session_destroy()
#2 C:\xampp\htdocs\code_team4\system\CodeIgniter.php(928): App\Controllers\Login_show->logout()
#3 C:\xampp\htdocs\code_team4\system\CodeIgniter.php(436): CodeIgniter\CodeIgniter->runController(Object(App\Controllers\Login_show))
#4 C:\xampp\htdocs\code_team4\system\CodeIgniter.php(336): CodeIgniter\CodeIgniter->handleRequest(NULL, Object(Config\Cache), false)
#5 C:\xampp\htdocs\code_team4\public\index.php(37): CodeIgniter\CodeIgniter->run()
#6 {main}
CRITICAL - 2021-12-07 09:32:02 --> session_destroy(): Trying to destroy uninitialized session
#0 [internal function]: CodeIgniter\Debug\Exceptions->errorHandler(2, 'session_destroy...', 'C:\\xampp\\htdocs...', 35, Array)
#1 C:\xampp\htdocs\code_team4\app\Controllers\Login_show.php(35): session_destroy()
#2 C:\xampp\htdocs\code_team4\system\CodeIgniter.php(928): App\Controllers\Login_show->logout()
#3 C:\xampp\htdocs\code_team4\system\CodeIgniter.php(436): CodeIgniter\CodeIgniter->runController(Object(App\Controllers\Login_show))
#4 C:\xampp\htdocs\code_team4\system\CodeIgniter.php(336): CodeIgniter\CodeIgniter->handleRequest(NULL, Object(Config\Cache), false)
#5 C:\xampp\htdocs\code_team4\public\index.php(37): CodeIgniter\CodeIgniter->run()
#6 {main}
CRITICAL - 2021-12-07 09:32:03 --> session_destroy(): Trying to destroy uninitialized session
#0 [internal function]: CodeIgniter\Debug\Exceptions->errorHandler(2, 'session_destroy...', 'C:\\xampp\\htdocs...', 35, Array)
#1 C:\xampp\htdocs\code_team4\app\Controllers\Login_show.php(35): session_destroy()
#2 C:\xampp\htdocs\code_team4\system\CodeIgniter.php(928): App\Controllers\Login_show->logout()
#3 C:\xampp\htdocs\code_team4\system\CodeIgniter.php(436): CodeIgniter\CodeIgniter->runController(Object(App\Controllers\Login_show))
#4 C:\xampp\htdocs\code_team4\system\CodeIgniter.php(336): CodeIgniter\CodeIgniter->handleRequest(NULL, Object(Config\Cache), false)
#5 C:\xampp\htdocs\code_team4\public\index.php(37): CodeIgniter\CodeIgniter->run()
#6 {main}
CRITICAL - 2021-12-07 09:32:37 --> session_destroy(): Trying to destroy uninitialized session
#0 [internal function]: CodeIgniter\Debug\Exceptions->errorHandler(2, 'session_destroy...', 'C:\\xampp\\htdocs...', 35, Array)
#1 C:\xampp\htdocs\code_team4\app\Controllers\Login_show.php(35): session_destroy()
#2 C:\xampp\htdocs\code_team4\system\CodeIgniter.php(928): App\Controllers\Login_show->logout()
#3 C:\xampp\htdocs\code_team4\system\CodeIgniter.php(436): CodeIgniter\CodeIgniter->runController(Object(App\Controllers\Login_show))
#4 C:\xampp\htdocs\code_team4\system\CodeIgniter.php(336): CodeIgniter\CodeIgniter->handleRequest(NULL, Object(Config\Cache), false)
#5 C:\xampp\htdocs\code_team4\public\index.php(37): CodeIgniter\CodeIgniter->run()
#6 {main}
CRITICAL - 2021-12-07 09:32:37 --> session_destroy(): Trying to destroy uninitialized session
#0 [internal function]: CodeIgniter\Debug\Exceptions->errorHandler(2, 'session_destroy...', 'C:\\xampp\\htdocs...', 35, Array)
#1 C:\xampp\htdocs\code_team4\app\Controllers\Login_show.php(35): session_destroy()
#2 C:\xampp\htdocs\code_team4\system\CodeIgniter.php(928): App\Controllers\Login_show->logout()
#3 C:\xampp\htdocs\code_team4\system\CodeIgniter.php(436): CodeIgniter\CodeIgniter->runController(Object(App\Controllers\Login_show))
#4 C:\xampp\htdocs\code_team4\system\CodeIgniter.php(336): CodeIgniter\CodeIgniter->handleRequest(NULL, Object(Config\Cache), false)
#5 C:\xampp\htdocs\code_team4\public\index.php(37): CodeIgniter\CodeIgniter->run()
#6 {main}
CRITICAL - 2021-12-07 09:32:55 --> session_destroy(): Trying to destroy uninitialized session
#0 [internal function]: CodeIgniter\Debug\Exceptions->errorHandler(2, 'session_destroy...', 'C:\\xampp\\htdocs...', 35, Array)
#1 C:\xampp\htdocs\code_team4\app\Controllers\Login_show.php(35): session_destroy()
#2 C:\xampp\htdocs\code_team4\system\CodeIgniter.php(928): App\Controllers\Login_show->logout()
#3 C:\xampp\htdocs\code_team4\system\CodeIgniter.php(436): CodeIgniter\CodeIgniter->runController(Object(App\Controllers\Login_show))
#4 C:\xampp\htdocs\code_team4\system\CodeIgniter.php(336): CodeIgniter\CodeIgniter->handleRequest(NULL, Object(Config\Cache), false)
#5 C:\xampp\htdocs\code_team4\public\index.php(37): CodeIgniter\CodeIgniter->run()
#6 {main}
CRITICAL - 2021-12-07 09:32:55 --> session_destroy(): Trying to destroy uninitialized session
#0 [internal function]: CodeIgniter\Debug\Exceptions->errorHandler(2, 'session_destroy...', 'C:\\xampp\\htdocs...', 35, Array)
#1 C:\xampp\htdocs\code_team4\app\Controllers\Login_show.php(35): session_destroy()
#2 C:\xampp\htdocs\code_team4\system\CodeIgniter.php(928): App\Controllers\Login_show->logout()
#3 C:\xampp\htdocs\code_team4\system\CodeIgniter.php(436): CodeIgniter\CodeIgniter->runController(Object(App\Controllers\Login_show))
#4 C:\xampp\htdocs\code_team4\system\CodeIgniter.php(336): CodeIgniter\CodeIgniter->handleRequest(NULL, Object(Config\Cache), false)
#5 C:\xampp\htdocs\code_team4\public\index.php(37): CodeIgniter\CodeIgniter->run()
#6 {main}
CRITICAL - 2021-12-07 09:34:26 --> session_destroy(): Trying to destroy uninitialized session
#0 [internal function]: CodeIgniter\Debug\Exceptions->errorHandler(2, 'session_destroy...', 'C:\\xampp\\htdocs...', 36, Array)
#1 C:\xampp\htdocs\code_team4\app\Controllers\Login_show.php(36): session_destroy()
#2 C:\xampp\htdocs\code_team4\system\CodeIgniter.php(928): App\Controllers\Login_show->logout()
#3 C:\xampp\htdocs\code_team4\system\CodeIgniter.php(436): CodeIgniter\CodeIgniter->runController(Object(App\Controllers\Login_show))
#4 C:\xampp\htdocs\code_team4\system\CodeIgniter.php(336): CodeIgniter\CodeIgniter->handleRequest(NULL, Object(Config\Cache), false)
#5 C:\xampp\htdocs\code_team4\public\index.php(37): CodeIgniter\CodeIgniter->run()
#6 {main}
CRITICAL - 2021-12-07 09:36:44 --> syntax error, unexpected '}', expecting ';'
#0 C:\xampp\htdocs\code_team4\system\Router\Router.php(169): CodeIgniter\Router\Router->autoRoute('Login_show/logo...')
#1 C:\xampp\htdocs\code_team4\system\CodeIgniter.php(809): CodeIgniter\Router\Router->handle('Login_show/logo...')
#2 C:\xampp\htdocs\code_team4\system\CodeIgniter.php(389): CodeIgniter\CodeIgniter->tryToRouteIt(Object(CodeIgniter\Router\RouteCollection))
#3 C:\xampp\htdocs\code_team4\system\CodeIgniter.php(336): CodeIgniter\CodeIgniter->handleRequest(NULL, Object(Config\Cache), false)
#4 C:\xampp\htdocs\code_team4\public\index.php(37): CodeIgniter\CodeIgniter->run()
#5 {main}
