CRITICAL - 2021-10-19 07:19:56 --> Argument 1 passed to datetime_format_value() must be of the type string, null given, called in C:\xampp\htdocs\code_team4\app\Views\v_service_edit.php on line 247
#0 C:\xampp\htdocs\code_team4\app\Views\v_service_edit.php(247): datetime_format_value(NULL)
#1 C:\xampp\htdocs\code_team4\system\View\View.php(230): include('C:\\xampp\\htdocs...')
#2 C:\xampp\htdocs\code_team4\system\View\View.php(232): CodeIgniter\View\View->CodeIgniter\View\{closure}()
#3 C:\xampp\htdocs\code_team4\system\Common.php(1271): CodeIgniter\View\View->render('v_service_edit', Array, true)
#4 C:\xampp\htdocs\code_team4\app\Controllers\Cdms_controller.php(64): view('v_service_edit', Array)
#5 C:\xampp\htdocs\code_team4\app\Controllers\Service_edit.php(88): App\Controllers\Cdms_controller->output('v_service_edit', Array)
#6 C:\xampp\htdocs\code_team4\system\CodeIgniter.php(928): App\Controllers\Service_edit->service_edit('5')
#7 C:\xampp\htdocs\code_team4\system\CodeIgniter.php(436): CodeIgniter\CodeIgniter->runController(Object(App\Controllers\Service_edit))
#8 C:\xampp\htdocs\code_team4\system\CodeIgniter.php(336): CodeIgniter\CodeIgniter->handleRequest(NULL, Object(Config\Cache), false)
#9 C:\xampp\htdocs\code_team4\public\index.php(37): CodeIgniter\CodeIgniter->run()
#10 {main}
CRITICAL - 2021-10-19 07:20:40 --> Argument 1 passed to datetime_format_value() must be of the type string, null given, called in C:\xampp\htdocs\code_team4\app\Views\v_service_edit.php on line 247
#0 C:\xampp\htdocs\code_team4\app\Views\v_service_edit.php(247): datetime_format_value(NULL)
#1 C:\xampp\htdocs\code_team4\system\View\View.php(230): include('C:\\xampp\\htdocs...')
#2 C:\xampp\htdocs\code_team4\system\View\View.php(232): CodeIgniter\View\View->CodeIgniter\View\{closure}()
#3 C:\xampp\htdocs\code_team4\system\Common.php(1271): CodeIgniter\View\View->render('v_service_edit', Array, true)
#4 C:\xampp\htdocs\code_team4\app\Controllers\Cdms_controller.php(64): view('v_service_edit', Array)
#5 C:\xampp\htdocs\code_team4\app\Controllers\Service_edit.php(88): App\Controllers\Cdms_controller->output('v_service_edit', Array)
#6 C:\xampp\htdocs\code_team4\system\CodeIgniter.php(928): App\Controllers\Service_edit->service_edit('5')
#7 C:\xampp\htdocs\code_team4\system\CodeIgniter.php(436): CodeIgniter\CodeIgniter->runController(Object(App\Controllers\Service_edit))
#8 C:\xampp\htdocs\code_team4\system\CodeIgniter.php(336): CodeIgniter\CodeIgniter->handleRequest(NULL, Object(Config\Cache), false)
#9 C:\xampp\htdocs\code_team4\public\index.php(37): CodeIgniter\CodeIgniter->run()
#10 {main}
CRITICAL - 2021-10-19 07:23:58 --> Argument 1 passed to datetime_format_value() must be of the type string, null given, called in C:\xampp\htdocs\code_team4\app\Views\v_service_edit.php on line 247
#0 C:\xampp\htdocs\code_team4\app\Views\v_service_edit.php(247): datetime_format_value(NULL)
#1 C:\xampp\htdocs\code_team4\system\View\View.php(230): include('C:\\xampp\\htdocs...')
#2 C:\xampp\htdocs\code_team4\system\View\View.php(232): CodeIgniter\View\View->CodeIgniter\View\{closure}()
#3 C:\xampp\htdocs\code_team4\system\Common.php(1271): CodeIgniter\View\View->render('v_service_edit', Array, true)
#4 C:\xampp\htdocs\code_team4\app\Controllers\Cdms_controller.php(64): view('v_service_edit', Array)
#5 C:\xampp\htdocs\code_team4\app\Controllers\Service_edit.php(88): App\Controllers\Cdms_controller->output('v_service_edit', Array)
#6 C:\xampp\htdocs\code_team4\system\CodeIgniter.php(928): App\Controllers\Service_edit->service_edit('5')
#7 C:\xampp\htdocs\code_team4\system\CodeIgniter.php(436): CodeIgniter\CodeIgniter->runController(Object(App\Controllers\Service_edit))
#8 C:\xampp\htdocs\code_team4\system\CodeIgniter.php(336): CodeIgniter\CodeIgniter->handleRequest(NULL, Object(Config\Cache), false)
#9 C:\xampp\htdocs\code_team4\public\index.php(37): CodeIgniter\CodeIgniter->run()
#10 {main}
CRITICAL - 2021-10-19 07:29:37 --> Argument 1 passed to datetime_format_value() must be of the type string, null given, called in C:\xampp\htdocs\code_team4\app\Views\v_service_edit.php on line 247
#0 C:\xampp\htdocs\code_team4\app\Views\v_service_edit.php(247): datetime_format_value(NULL)
#1 C:\xampp\htdocs\code_team4\system\View\View.php(230): include('C:\\xampp\\htdocs...')
#2 C:\xampp\htdocs\code_team4\system\View\View.php(232): CodeIgniter\View\View->CodeIgniter\View\{closure}()
#3 C:\xampp\htdocs\code_team4\system\Common.php(1271): CodeIgniter\View\View->render('v_service_edit', Array, true)
#4 C:\xampp\htdocs\code_team4\app\Controllers\Cdms_controller.php(64): view('v_service_edit', Array)
#5 C:\xampp\htdocs\code_team4\app\Controllers\Service_edit.php(88): App\Controllers\Cdms_controller->output('v_service_edit', Array)
#6 C:\xampp\htdocs\code_team4\system\CodeIgniter.php(928): App\Controllers\Service_edit->service_edit('5')
#7 C:\xampp\htdocs\code_team4\system\CodeIgniter.php(436): CodeIgniter\CodeIgniter->runController(Object(App\Controllers\Service_edit))
#8 C:\xampp\htdocs\code_team4\system\CodeIgniter.php(336): CodeIgniter\CodeIgniter->handleRequest(NULL, Object(Config\Cache), false)
#9 C:\xampp\htdocs\code_team4\public\index.php(37): CodeIgniter\CodeIgniter->run()
#10 {main}
CRITICAL - 2021-10-19 07:30:32 --> Argument 1 passed to datetime_format_value() must be of the type string, null given, called in C:\xampp\htdocs\code_team4\app\Views\v_service_edit.php on line 248
#0 C:\xampp\htdocs\code_team4\app\Views\v_service_edit.php(248): datetime_format_value(NULL)
#1 C:\xampp\htdocs\code_team4\system\View\View.php(230): include('C:\\xampp\\htdocs...')
#2 C:\xampp\htdocs\code_team4\system\View\View.php(232): CodeIgniter\View\View->CodeIgniter\View\{closure}()
#3 C:\xampp\htdocs\code_team4\system\Common.php(1271): CodeIgniter\View\View->render('v_service_edit', Array, true)
#4 C:\xampp\htdocs\code_team4\app\Controllers\Cdms_controller.php(64): view('v_service_edit', Array)
#5 C:\xampp\htdocs\code_team4\app\Controllers\Service_edit.php(88): App\Controllers\Cdms_controller->output('v_service_edit', Array)
#6 C:\xampp\htdocs\code_team4\system\CodeIgniter.php(928): App\Controllers\Service_edit->service_edit('5')
#7 C:\xampp\htdocs\code_team4\system\CodeIgniter.php(436): CodeIgniter\CodeIgniter->runController(Object(App\Controllers\Service_edit))
#8 C:\xampp\htdocs\code_team4\system\CodeIgniter.php(336): CodeIgniter\CodeIgniter->handleRequest(NULL, Object(Config\Cache), false)
#9 C:\xampp\htdocs\code_team4\public\index.php(37): CodeIgniter\CodeIgniter->run()
#10 {main}
CRITICAL - 2021-10-19 07:30:35 --> Argument 1 passed to datetime_format_value() must be of the type string, null given, called in C:\xampp\htdocs\code_team4\app\Views\v_service_edit.php on line 248
#0 C:\xampp\htdocs\code_team4\app\Views\v_service_edit.php(248): datetime_format_value(NULL)
#1 C:\xampp\htdocs\code_team4\system\View\View.php(230): include('C:\\xampp\\htdocs...')
#2 C:\xampp\htdocs\code_team4\system\View\View.php(232): CodeIgniter\View\View->CodeIgniter\View\{closure}()
#3 C:\xampp\htdocs\code_team4\system\Common.php(1271): CodeIgniter\View\View->render('v_service_edit', Array, true)
#4 C:\xampp\htdocs\code_team4\app\Controllers\Cdms_controller.php(64): view('v_service_edit', Array)
#5 C:\xampp\htdocs\code_team4\app\Controllers\Service_edit.php(88): App\Controllers\Cdms_controller->output('v_service_edit', Array)
#6 C:\xampp\htdocs\code_team4\system\CodeIgniter.php(928): App\Controllers\Service_edit->service_edit('5')
#7 C:\xampp\htdocs\code_team4\system\CodeIgniter.php(436): CodeIgniter\CodeIgniter->runController(Object(App\Controllers\Service_edit))
#8 C:\xampp\htdocs\code_team4\system\CodeIgniter.php(336): CodeIgniter\CodeIgniter->handleRequest(NULL, Object(Config\Cache), false)
#9 C:\xampp\htdocs\code_team4\public\index.php(37): CodeIgniter\CodeIgniter->run()
#10 {main}
CRITICAL - 2021-10-19 07:32:29 --> Argument 1 passed to datetime_format_value() must be of the type string, null given, called in C:\xampp\htdocs\code_team4\app\Views\v_service_edit.php on line 248
#0 C:\xampp\htdocs\code_team4\app\Views\v_service_edit.php(248): datetime_format_value(NULL)
#1 C:\xampp\htdocs\code_team4\system\View\View.php(230): include('C:\\xampp\\htdocs...')
#2 C:\xampp\htdocs\code_team4\system\View\View.php(232): CodeIgniter\View\View->CodeIgniter\View\{closure}()
#3 C:\xampp\htdocs\code_team4\system\Common.php(1271): CodeIgniter\View\View->render('v_service_edit', Array, true)
#4 C:\xampp\htdocs\code_team4\app\Controllers\Cdms_controller.php(64): view('v_service_edit', Array)
#5 C:\xampp\htdocs\code_team4\app\Controllers\Service_edit.php(88): App\Controllers\Cdms_controller->output('v_service_edit', Array)
#6 C:\xampp\htdocs\code_team4\system\CodeIgniter.php(928): App\Controllers\Service_edit->service_edit('5')
#7 C:\xampp\htdocs\code_team4\system\CodeIgniter.php(436): CodeIgniter\CodeIgniter->runController(Object(App\Controllers\Service_edit))
#8 C:\xampp\htdocs\code_team4\system\CodeIgniter.php(336): CodeIgniter\CodeIgniter->handleRequest(NULL, Object(Config\Cache), false)
#9 C:\xampp\htdocs\code_team4\public\index.php(37): CodeIgniter\CodeIgniter->run()
#10 {main}
CRITICAL - 2021-10-19 07:32:30 --> Argument 1 passed to datetime_format_value() must be of the type string, null given, called in C:\xampp\htdocs\code_team4\app\Views\v_service_edit.php on line 248
#0 C:\xampp\htdocs\code_team4\app\Views\v_service_edit.php(248): datetime_format_value(NULL)
#1 C:\xampp\htdocs\code_team4\system\View\View.php(230): include('C:\\xampp\\htdocs...')
#2 C:\xampp\htdocs\code_team4\system\View\View.php(232): CodeIgniter\View\View->CodeIgniter\View\{closure}()
#3 C:\xampp\htdocs\code_team4\system\Common.php(1271): CodeIgniter\View\View->render('v_service_edit', Array, true)
#4 C:\xampp\htdocs\code_team4\app\Controllers\Cdms_controller.php(64): view('v_service_edit', Array)
#5 C:\xampp\htdocs\code_team4\app\Controllers\Service_edit.php(88): App\Controllers\Cdms_controller->output('v_service_edit', Array)
#6 C:\xampp\htdocs\code_team4\system\CodeIgniter.php(928): App\Controllers\Service_edit->service_edit('5')
#7 C:\xampp\htdocs\code_team4\system\CodeIgniter.php(436): CodeIgniter\CodeIgniter->runController(Object(App\Controllers\Service_edit))
#8 C:\xampp\htdocs\code_team4\system\CodeIgniter.php(336): CodeIgniter\CodeIgniter->handleRequest(NULL, Object(Config\Cache), false)
#9 C:\xampp\htdocs\code_team4\public\index.php(37): CodeIgniter\CodeIgniter->run()
#10 {main}
CRITICAL - 2021-10-19 07:32:42 --> Argument 1 passed to datetime_format_value() must be of the type string, null given, called in C:\xampp\htdocs\code_team4\app\Views\v_service_edit.php on line 248
#0 C:\xampp\htdocs\code_team4\app\Views\v_service_edit.php(248): datetime_format_value(NULL)
#1 C:\xampp\htdocs\code_team4\system\View\View.php(230): include('C:\\xampp\\htdocs...')
#2 C:\xampp\htdocs\code_team4\system\View\View.php(232): CodeIgniter\View\View->CodeIgniter\View\{closure}()
#3 C:\xampp\htdocs\code_team4\system\Common.php(1271): CodeIgniter\View\View->render('v_service_edit', Array, true)
#4 C:\xampp\htdocs\code_team4\app\Controllers\Cdms_controller.php(64): view('v_service_edit', Array)
#5 C:\xampp\htdocs\code_team4\app\Controllers\Service_edit.php(88): App\Controllers\Cdms_controller->output('v_service_edit', Array)
#6 C:\xampp\htdocs\code_team4\system\CodeIgniter.php(928): App\Controllers\Service_edit->service_edit('5')
#7 C:\xampp\htdocs\code_team4\system\CodeIgniter.php(436): CodeIgniter\CodeIgniter->runController(Object(App\Controllers\Service_edit))
#8 C:\xampp\htdocs\code_team4\system\CodeIgniter.php(336): CodeIgniter\CodeIgniter->handleRequest(NULL, Object(Config\Cache), false)
#9 C:\xampp\htdocs\code_team4\public\index.php(37): CodeIgniter\CodeIgniter->run()
#10 {main}
CRITICAL - 2021-10-19 07:32:43 --> Argument 1 passed to datetime_format_value() must be of the type string, null given, called in C:\xampp\htdocs\code_team4\app\Views\v_service_edit.php on line 248
#0 C:\xampp\htdocs\code_team4\app\Views\v_service_edit.php(248): datetime_format_value(NULL)
#1 C:\xampp\htdocs\code_team4\system\View\View.php(230): include('C:\\xampp\\htdocs...')
#2 C:\xampp\htdocs\code_team4\system\View\View.php(232): CodeIgniter\View\View->CodeIgniter\View\{closure}()
#3 C:\xampp\htdocs\code_team4\system\Common.php(1271): CodeIgniter\View\View->render('v_service_edit', Array, true)
#4 C:\xampp\htdocs\code_team4\app\Controllers\Cdms_controller.php(64): view('v_service_edit', Array)
#5 C:\xampp\htdocs\code_team4\app\Controllers\Service_edit.php(88): App\Controllers\Cdms_controller->output('v_service_edit', Array)
#6 C:\xampp\htdocs\code_team4\system\CodeIgniter.php(928): App\Controllers\Service_edit->service_edit('5')
#7 C:\xampp\htdocs\code_team4\system\CodeIgniter.php(436): CodeIgniter\CodeIgniter->runController(Object(App\Controllers\Service_edit))
#8 C:\xampp\htdocs\code_team4\system\CodeIgniter.php(336): CodeIgniter\CodeIgniter->handleRequest(NULL, Object(Config\Cache), false)
#9 C:\xampp\htdocs\code_team4\public\index.php(37): CodeIgniter\CodeIgniter->run()
#10 {main}
CRITICAL - 2021-10-19 07:33:24 --> Argument 1 passed to datetime_format_value() must be of the type string, null given, called in C:\xampp\htdocs\code_team4\app\Views\v_service_edit.php on line 248
#0 C:\xampp\htdocs\code_team4\app\Views\v_service_edit.php(248): datetime_format_value(NULL)
#1 C:\xampp\htdocs\code_team4\system\View\View.php(230): include('C:\\xampp\\htdocs...')
#2 C:\xampp\htdocs\code_team4\system\View\View.php(232): CodeIgniter\View\View->CodeIgniter\View\{closure}()
#3 C:\xampp\htdocs\code_team4\system\Common.php(1271): CodeIgniter\View\View->render('v_service_edit', Array, true)
#4 C:\xampp\htdocs\code_team4\app\Controllers\Cdms_controller.php(64): view('v_service_edit', Array)
#5 C:\xampp\htdocs\code_team4\app\Controllers\Service_edit.php(88): App\Controllers\Cdms_controller->output('v_service_edit', Array)
#6 C:\xampp\htdocs\code_team4\system\CodeIgniter.php(928): App\Controllers\Service_edit->service_edit('5')
#7 C:\xampp\htdocs\code_team4\system\CodeIgniter.php(436): CodeIgniter\CodeIgniter->runController(Object(App\Controllers\Service_edit))
#8 C:\xampp\htdocs\code_team4\system\CodeIgniter.php(336): CodeIgniter\CodeIgniter->handleRequest(NULL, Object(Config\Cache), false)
#9 C:\xampp\htdocs\code_team4\public\index.php(37): CodeIgniter\CodeIgniter->run()
#10 {main}
ERROR - 2021-10-19 07:35:54 --> Unknown column 'ser_type' in 'field list'
ERROR - 2021-10-19 07:36:11 --> Unknown column 'ser_type' in 'field list'
ERROR - 2021-10-19 07:48:36 --> Unknown column 'ser_type' in 'field list'
ERROR - 2021-10-19 08:01:42 --> Unknown column 'ser_type' in 'field list'
ERROR - 2021-10-19 08:01:56 --> Unknown column 'ser_type' in 'field list'
ERROR - 2021-10-19 08:02:29 --> Unknown column 'ser_type' in 'field list'
CRITICAL - 2021-10-19 08:25:36 --> array_count_values(): Can only count STRING and INTEGER values!
#0 [internal function]: CodeIgniter\Debug\Exceptions->errorHandler(2, 'array_count_val...', 'C:\\xampp\\htdocs...', 96, Array)
#1 C:\xampp\htdocs\code_team4\app\Views\v_agent_showlist.php(96): array_count_values(Array)
#2 C:\xampp\htdocs\code_team4\system\View\View.php(230): include('C:\\xampp\\htdocs...')
#3 C:\xampp\htdocs\code_team4\system\View\View.php(232): CodeIgniter\View\View->CodeIgniter\View\{closure}()
#4 C:\xampp\htdocs\code_team4\system\Common.php(1271): CodeIgniter\View\View->render('v_agent_showlis...', Array, true)
#5 C:\xampp\htdocs\code_team4\app\Controllers\Cdms_controller.php(64): view('v_agent_showlis...', Array)
#6 C:\xampp\htdocs\code_team4\app\Controllers\Agent_show.php(38): App\Controllers\Cdms_controller->output('v_agent_showlis...', Array)
#7 C:\xampp\htdocs\code_team4\system\CodeIgniter.php(928): App\Controllers\Agent_show->agent_show_ajax()
#8 C:\xampp\htdocs\code_team4\system\CodeIgniter.php(436): CodeIgniter\CodeIgniter->runController(Object(App\Controllers\Agent_show))
#9 C:\xampp\htdocs\code_team4\system\CodeIgniter.php(336): CodeIgniter\CodeIgniter->handleRequest(NULL, Object(Config\Cache), false)
#10 C:\xampp\htdocs\code_team4\public\index.php(37): CodeIgniter\CodeIgniter->run()
#11 {main}
CRITICAL - 2021-10-19 08:27:02 --> array_count_values(): Can only count STRING and INTEGER values!
#0 [internal function]: CodeIgniter\Debug\Exceptions->errorHandler(2, 'array_count_val...', 'C:\\xampp\\htdocs...', 96, Array)
#1 C:\xampp\htdocs\code_team4\app\Views\v_agent_showlist.php(96): array_count_values(Array)
#2 C:\xampp\htdocs\code_team4\system\View\View.php(230): include('C:\\xampp\\htdocs...')
#3 C:\xampp\htdocs\code_team4\system\View\View.php(232): CodeIgniter\View\View->CodeIgniter\View\{closure}()
#4 C:\xampp\htdocs\code_team4\system\Common.php(1271): CodeIgniter\View\View->render('v_agent_showlis...', Array, true)
#5 C:\xampp\htdocs\code_team4\app\Controllers\Cdms_controller.php(64): view('v_agent_showlis...', Array)
#6 C:\xampp\htdocs\code_team4\app\Controllers\Agent_show.php(38): App\Controllers\Cdms_controller->output('v_agent_showlis...', Array)
#7 C:\xampp\htdocs\code_team4\system\CodeIgniter.php(928): App\Controllers\Agent_show->agent_show_ajax()
#8 C:\xampp\htdocs\code_team4\system\CodeIgniter.php(436): CodeIgniter\CodeIgniter->runController(Object(App\Controllers\Agent_show))
#9 C:\xampp\htdocs\code_team4\system\CodeIgniter.php(336): CodeIgniter\CodeIgniter->handleRequest(NULL, Object(Config\Cache), false)
#10 C:\xampp\htdocs\code_team4\public\index.php(37): CodeIgniter\CodeIgniter->run()
#11 {main}
CRITICAL - 2021-10-19 08:27:12 --> array_count_values(): Can only count STRING and INTEGER values!
#0 [internal function]: CodeIgniter\Debug\Exceptions->errorHandler(2, 'array_count_val...', 'C:\\xampp\\htdocs...', 96, Array)
#1 C:\xampp\htdocs\code_team4\app\Views\v_agent_showlist.php(96): array_count_values(Array)
#2 C:\xampp\htdocs\code_team4\system\View\View.php(230): include('C:\\xampp\\htdocs...')
#3 C:\xampp\htdocs\code_team4\system\View\View.php(232): CodeIgniter\View\View->CodeIgniter\View\{closure}()
#4 C:\xampp\htdocs\code_team4\system\Common.php(1271): CodeIgniter\View\View->render('v_agent_showlis...', Array, true)
#5 C:\xampp\htdocs\code_team4\app\Controllers\Cdms_controller.php(64): view('v_agent_showlis...', Array)
#6 C:\xampp\htdocs\code_team4\app\Controllers\Agent_show.php(38): App\Controllers\Cdms_controller->output('v_agent_showlis...', Array)
#7 C:\xampp\htdocs\code_team4\system\CodeIgniter.php(928): App\Controllers\Agent_show->agent_show_ajax()
#8 C:\xampp\htdocs\code_team4\system\CodeIgniter.php(436): CodeIgniter\CodeIgniter->runController(Object(App\Controllers\Agent_show))
#9 C:\xampp\htdocs\code_team4\system\CodeIgniter.php(336): CodeIgniter\CodeIgniter->handleRequest(NULL, Object(Config\Cache), false)
#10 C:\xampp\htdocs\code_team4\public\index.php(37): CodeIgniter\CodeIgniter->run()
#11 {main}
