CRITICAL - 2021-08-09 08:33:42 --> Call to undefined method CodeIgniter\Database\MySQLi\Result::get()
#0 C:\xampp\htdocs\code_team4\app\Controllers\Driver_edit.php(51): App\Models\M_cdms_car->get_max_id()
#1 C:\xampp\htdocs\code_team4\system\CodeIgniter.php(928): App\Controllers\driver_edit->driver_update()
#2 C:\xampp\htdocs\code_team4\system\CodeIgniter.php(436): CodeIgniter\CodeIgniter->runController(Object(App\Controllers\driver_edit))
#3 C:\xampp\htdocs\code_team4\system\CodeIgniter.php(336): CodeIgniter\CodeIgniter->handleRequest(NULL, Object(Config\Cache), false)
#4 C:\xampp\htdocs\code_team4\public\index.php(37): CodeIgniter\CodeIgniter->run()
#5 {main}
CRITICAL - 2021-08-09 08:33:47 --> Object of class stdClass could not be converted to string
#0 C:\xampp\htdocs\code_team4\system\CodeIgniter.php(928): App\Controllers\driver_edit->driver_update()
#1 C:\xampp\htdocs\code_team4\system\CodeIgniter.php(436): CodeIgniter\CodeIgniter->runController(Object(App\Controllers\driver_edit))
#2 C:\xampp\htdocs\code_team4\system\CodeIgniter.php(336): CodeIgniter\CodeIgniter->handleRequest(NULL, Object(Config\Cache), false)
#3 C:\xampp\htdocs\code_team4\public\index.php(37): CodeIgniter\CodeIgniter->run()
#4 {main}
CRITICAL - 2021-08-09 08:34:33 --> Use of undefined constant car_id - assumed 'car_id' (this will throw an Error in a future version of PHP)
#0 C:\xampp\htdocs\code_team4\app\Controllers\Driver_edit.php(51): CodeIgniter\Debug\Exceptions->errorHandler(2, 'Use of undefine...', 'C:\\xampp\\htdocs...', 51, Array)
#1 C:\xampp\htdocs\code_team4\system\CodeIgniter.php(928): App\Controllers\driver_edit->driver_update()
#2 C:\xampp\htdocs\code_team4\system\CodeIgniter.php(436): CodeIgniter\CodeIgniter->runController(Object(App\Controllers\driver_edit))
#3 C:\xampp\htdocs\code_team4\system\CodeIgniter.php(336): CodeIgniter\CodeIgniter->handleRequest(NULL, Object(Config\Cache), false)
#4 C:\xampp\htdocs\code_team4\public\index.php(37): CodeIgniter\CodeIgniter->run()
#5 {main}
CRITICAL - 2021-08-09 08:34:42 --> Call to undefined method stdClass::MAX()
#0 C:\xampp\htdocs\code_team4\system\CodeIgniter.php(928): App\Controllers\driver_edit->driver_update()
#1 C:\xampp\htdocs\code_team4\system\CodeIgniter.php(436): CodeIgniter\CodeIgniter->runController(Object(App\Controllers\driver_edit))
#2 C:\xampp\htdocs\code_team4\system\CodeIgniter.php(336): CodeIgniter\CodeIgniter->handleRequest(NULL, Object(Config\Cache), false)
#3 C:\xampp\htdocs\code_team4\public\index.php(37): CodeIgniter\CodeIgniter->run()
#4 {main}
CRITICAL - 2021-08-09 08:34:43 --> Call to undefined method stdClass::MAX()
#0 C:\xampp\htdocs\code_team4\system\CodeIgniter.php(928): App\Controllers\driver_edit->driver_update()
#1 C:\xampp\htdocs\code_team4\system\CodeIgniter.php(436): CodeIgniter\CodeIgniter->runController(Object(App\Controllers\driver_edit))
#2 C:\xampp\htdocs\code_team4\system\CodeIgniter.php(336): CodeIgniter\CodeIgniter->handleRequest(NULL, Object(Config\Cache), false)
#3 C:\xampp\htdocs\code_team4\public\index.php(37): CodeIgniter\CodeIgniter->run()
#4 {main}
CRITICAL - 2021-08-09 08:34:51 --> Call to undefined method stdClass::MAX()
#0 C:\xampp\htdocs\code_team4\system\CodeIgniter.php(928): App\Controllers\driver_edit->driver_update()
#1 C:\xampp\htdocs\code_team4\system\CodeIgniter.php(436): CodeIgniter\CodeIgniter->runController(Object(App\Controllers\driver_edit))
#2 C:\xampp\htdocs\code_team4\system\CodeIgniter.php(336): CodeIgniter\CodeIgniter->handleRequest(NULL, Object(Config\Cache), false)
#3 C:\xampp\htdocs\code_team4\public\index.php(37): CodeIgniter\CodeIgniter->run()
#4 {main}
CRITICAL - 2021-08-09 08:35:11 --> Call to a member function MAX() on array
#0 C:\xampp\htdocs\code_team4\system\CodeIgniter.php(928): App\Controllers\driver_edit->driver_update()
#1 C:\xampp\htdocs\code_team4\system\CodeIgniter.php(436): CodeIgniter\CodeIgniter->runController(Object(App\Controllers\driver_edit))
#2 C:\xampp\htdocs\code_team4\system\CodeIgniter.php(336): CodeIgniter\CodeIgniter->handleRequest(NULL, Object(Config\Cache), false)
#3 C:\xampp\htdocs\code_team4\public\index.php(37): CodeIgniter\CodeIgniter->run()
#4 {main}
CRITICAL - 2021-08-09 08:42:37 --> Call to a member function MAX() on array
#0 C:\xampp\htdocs\code_team4\system\CodeIgniter.php(928): App\Controllers\driver_edit->driver_update()
#1 C:\xampp\htdocs\code_team4\system\CodeIgniter.php(436): CodeIgniter\CodeIgniter->runController(Object(App\Controllers\driver_edit))
#2 C:\xampp\htdocs\code_team4\system\CodeIgniter.php(336): CodeIgniter\CodeIgniter->handleRequest(NULL, Object(Config\Cache), false)
#3 C:\xampp\htdocs\code_team4\public\index.php(37): CodeIgniter\CodeIgniter->run()
#4 {main}
CRITICAL - 2021-08-09 08:42:50 --> Use of undefined constant car_id - assumed 'car_id' (this will throw an Error in a future version of PHP)
#0 C:\xampp\htdocs\code_team4\app\Controllers\Driver_edit.php(51): CodeIgniter\Debug\Exceptions->errorHandler(2, 'Use of undefine...', 'C:\\xampp\\htdocs...', 51, Array)
#1 C:\xampp\htdocs\code_team4\system\CodeIgniter.php(928): App\Controllers\driver_edit->driver_update()
#2 C:\xampp\htdocs\code_team4\system\CodeIgniter.php(436): CodeIgniter\CodeIgniter->runController(Object(App\Controllers\driver_edit))
#3 C:\xampp\htdocs\code_team4\system\CodeIgniter.php(336): CodeIgniter\CodeIgniter->handleRequest(NULL, Object(Config\Cache), false)
#4 C:\xampp\htdocs\code_team4\public\index.php(37): CodeIgniter\CodeIgniter->run()
#5 {main}
CRITICAL - 2021-08-09 08:43:54 --> Use of undefined constant car_id - assumed 'car_id' (this will throw an Error in a future version of PHP)
#0 C:\xampp\htdocs\code_team4\app\Controllers\Driver_edit.php(53): CodeIgniter\Debug\Exceptions->errorHandler(2, 'Use of undefine...', 'C:\\xampp\\htdocs...', 53, Array)
#1 C:\xampp\htdocs\code_team4\system\CodeIgniter.php(928): App\Controllers\driver_edit->driver_update()
#2 C:\xampp\htdocs\code_team4\system\CodeIgniter.php(436): CodeIgniter\CodeIgniter->runController(Object(App\Controllers\driver_edit))
#3 C:\xampp\htdocs\code_team4\system\CodeIgniter.php(336): CodeIgniter\CodeIgniter->handleRequest(NULL, Object(Config\Cache), false)
#4 C:\xampp\htdocs\code_team4\public\index.php(37): CodeIgniter\CodeIgniter->run()
#5 {main}
CRITICAL - 2021-08-09 08:43:54 --> Use of undefined constant car_id - assumed 'car_id' (this will throw an Error in a future version of PHP)
#0 C:\xampp\htdocs\code_team4\app\Controllers\Driver_edit.php(53): CodeIgniter\Debug\Exceptions->errorHandler(2, 'Use of undefine...', 'C:\\xampp\\htdocs...', 53, Array)
#1 C:\xampp\htdocs\code_team4\system\CodeIgniter.php(928): App\Controllers\driver_edit->driver_update()
#2 C:\xampp\htdocs\code_team4\system\CodeIgniter.php(436): CodeIgniter\CodeIgniter->runController(Object(App\Controllers\driver_edit))
#3 C:\xampp\htdocs\code_team4\system\CodeIgniter.php(336): CodeIgniter\CodeIgniter->handleRequest(NULL, Object(Config\Cache), false)
#4 C:\xampp\htdocs\code_team4\public\index.php(37): CodeIgniter\CodeIgniter->run()
#5 {main}
CRITICAL - 2021-08-09 08:44:03 --> Call to undefined method stdClass::MAX()
#0 C:\xampp\htdocs\code_team4\system\CodeIgniter.php(928): App\Controllers\driver_edit->driver_update()
#1 C:\xampp\htdocs\code_team4\system\CodeIgniter.php(436): CodeIgniter\CodeIgniter->runController(Object(App\Controllers\driver_edit))
#2 C:\xampp\htdocs\code_team4\system\CodeIgniter.php(336): CodeIgniter\CodeIgniter->handleRequest(NULL, Object(Config\Cache), false)
#3 C:\xampp\htdocs\code_team4\public\index.php(37): CodeIgniter\CodeIgniter->run()
#4 {main}
CRITICAL - 2021-08-09 08:44:04 --> Call to undefined method stdClass::MAX()
#0 C:\xampp\htdocs\code_team4\system\CodeIgniter.php(928): App\Controllers\driver_edit->driver_update()
#1 C:\xampp\htdocs\code_team4\system\CodeIgniter.php(436): CodeIgniter\CodeIgniter->runController(Object(App\Controllers\driver_edit))
#2 C:\xampp\htdocs\code_team4\system\CodeIgniter.php(336): CodeIgniter\CodeIgniter->handleRequest(NULL, Object(Config\Cache), false)
#3 C:\xampp\htdocs\code_team4\public\index.php(37): CodeIgniter\CodeIgniter->run()
#4 {main}
CRITICAL - 2021-08-09 08:44:09 --> Call to undefined method stdClass::MAX()
#0 C:\xampp\htdocs\code_team4\system\CodeIgniter.php(928): App\Controllers\driver_edit->driver_update()
#1 C:\xampp\htdocs\code_team4\system\CodeIgniter.php(436): CodeIgniter\CodeIgniter->runController(Object(App\Controllers\driver_edit))
#2 C:\xampp\htdocs\code_team4\system\CodeIgniter.php(336): CodeIgniter\CodeIgniter->handleRequest(NULL, Object(Config\Cache), false)
#3 C:\xampp\htdocs\code_team4\public\index.php(37): CodeIgniter\CodeIgniter->run()
#4 {main}
CRITICAL - 2021-08-09 08:44:16 --> Call to undefined method stdClass::MAX()
#0 C:\xampp\htdocs\code_team4\system\CodeIgniter.php(928): App\Controllers\driver_edit->driver_update()
#1 C:\xampp\htdocs\code_team4\system\CodeIgniter.php(436): CodeIgniter\CodeIgniter->runController(Object(App\Controllers\driver_edit))
#2 C:\xampp\htdocs\code_team4\system\CodeIgniter.php(336): CodeIgniter\CodeIgniter->handleRequest(NULL, Object(Config\Cache), false)
#3 C:\xampp\htdocs\code_team4\public\index.php(37): CodeIgniter\CodeIgniter->run()
#4 {main}
CRITICAL - 2021-08-09 08:44:49 --> Use of undefined constant car_id - assumed 'car_id' (this will throw an Error in a future version of PHP)
#0 C:\xampp\htdocs\code_team4\app\Controllers\Driver_edit.php(53): CodeIgniter\Debug\Exceptions->errorHandler(2, 'Use of undefine...', 'C:\\xampp\\htdocs...', 53, Array)
#1 C:\xampp\htdocs\code_team4\system\CodeIgniter.php(928): App\Controllers\driver_edit->driver_update()
#2 C:\xampp\htdocs\code_team4\system\CodeIgniter.php(436): CodeIgniter\CodeIgniter->runController(Object(App\Controllers\driver_edit))
#3 C:\xampp\htdocs\code_team4\system\CodeIgniter.php(336): CodeIgniter\CodeIgniter->handleRequest(NULL, Object(Config\Cache), false)
#4 C:\xampp\htdocs\code_team4\public\index.php(37): CodeIgniter\CodeIgniter->run()
#5 {main}
CRITICAL - 2021-08-09 08:44:50 --> Use of undefined constant car_id - assumed 'car_id' (this will throw an Error in a future version of PHP)
#0 C:\xampp\htdocs\code_team4\app\Controllers\Driver_edit.php(53): CodeIgniter\Debug\Exceptions->errorHandler(2, 'Use of undefine...', 'C:\\xampp\\htdocs...', 53, Array)
#1 C:\xampp\htdocs\code_team4\system\CodeIgniter.php(928): App\Controllers\driver_edit->driver_update()
#2 C:\xampp\htdocs\code_team4\system\CodeIgniter.php(436): CodeIgniter\CodeIgniter->runController(Object(App\Controllers\driver_edit))
#3 C:\xampp\htdocs\code_team4\system\CodeIgniter.php(336): CodeIgniter\CodeIgniter->handleRequest(NULL, Object(Config\Cache), false)
#4 C:\xampp\htdocs\code_team4\public\index.php(37): CodeIgniter\CodeIgniter->run()
#5 {main}
CRITICAL - 2021-08-09 08:44:51 --> Use of undefined constant car_id - assumed 'car_id' (this will throw an Error in a future version of PHP)
#0 C:\xampp\htdocs\code_team4\app\Controllers\Driver_edit.php(53): CodeIgniter\Debug\Exceptions->errorHandler(2, 'Use of undefine...', 'C:\\xampp\\htdocs...', 53, Array)
#1 C:\xampp\htdocs\code_team4\system\CodeIgniter.php(928): App\Controllers\driver_edit->driver_update()
#2 C:\xampp\htdocs\code_team4\system\CodeIgniter.php(436): CodeIgniter\CodeIgniter->runController(Object(App\Controllers\driver_edit))
#3 C:\xampp\htdocs\code_team4\system\CodeIgniter.php(336): CodeIgniter\CodeIgniter->handleRequest(NULL, Object(Config\Cache), false)
#4 C:\xampp\htdocs\code_team4\public\index.php(37): CodeIgniter\CodeIgniter->run()
#5 {main}
CRITICAL - 2021-08-09 08:44:51 --> Use of undefined constant car_id - assumed 'car_id' (this will throw an Error in a future version of PHP)
#0 C:\xampp\htdocs\code_team4\app\Controllers\Driver_edit.php(53): CodeIgniter\Debug\Exceptions->errorHandler(2, 'Use of undefine...', 'C:\\xampp\\htdocs...', 53, Array)
#1 C:\xampp\htdocs\code_team4\system\CodeIgniter.php(928): App\Controllers\driver_edit->driver_update()
#2 C:\xampp\htdocs\code_team4\system\CodeIgniter.php(436): CodeIgniter\CodeIgniter->runController(Object(App\Controllers\driver_edit))
#3 C:\xampp\htdocs\code_team4\system\CodeIgniter.php(336): CodeIgniter\CodeIgniter->handleRequest(NULL, Object(Config\Cache), false)
#4 C:\xampp\htdocs\code_team4\public\index.php(37): CodeIgniter\CodeIgniter->run()
#5 {main}
CRITICAL - 2021-08-09 08:44:52 --> Use of undefined constant car_id - assumed 'car_id' (this will throw an Error in a future version of PHP)
#0 C:\xampp\htdocs\code_team4\app\Controllers\Driver_edit.php(53): CodeIgniter\Debug\Exceptions->errorHandler(2, 'Use of undefine...', 'C:\\xampp\\htdocs...', 53, Array)
#1 C:\xampp\htdocs\code_team4\system\CodeIgniter.php(928): App\Controllers\driver_edit->driver_update()
#2 C:\xampp\htdocs\code_team4\system\CodeIgniter.php(436): CodeIgniter\CodeIgniter->runController(Object(App\Controllers\driver_edit))
#3 C:\xampp\htdocs\code_team4\system\CodeIgniter.php(336): CodeIgniter\CodeIgniter->handleRequest(NULL, Object(Config\Cache), false)
#4 C:\xampp\htdocs\code_team4\public\index.php(37): CodeIgniter\CodeIgniter->run()
#5 {main}
CRITICAL - 2021-08-09 08:44:52 --> Use of undefined constant car_id - assumed 'car_id' (this will throw an Error in a future version of PHP)
#0 C:\xampp\htdocs\code_team4\app\Controllers\Driver_edit.php(53): CodeIgniter\Debug\Exceptions->errorHandler(2, 'Use of undefine...', 'C:\\xampp\\htdocs...', 53, Array)
#1 C:\xampp\htdocs\code_team4\system\CodeIgniter.php(928): App\Controllers\driver_edit->driver_update()
#2 C:\xampp\htdocs\code_team4\system\CodeIgniter.php(436): CodeIgniter\CodeIgniter->runController(Object(App\Controllers\driver_edit))
#3 C:\xampp\htdocs\code_team4\system\CodeIgniter.php(336): CodeIgniter\CodeIgniter->handleRequest(NULL, Object(Config\Cache), false)
#4 C:\xampp\htdocs\code_team4\public\index.php(37): CodeIgniter\CodeIgniter->run()
#5 {main}
CRITICAL - 2021-08-09 08:44:52 --> Use of undefined constant car_id - assumed 'car_id' (this will throw an Error in a future version of PHP)
#0 C:\xampp\htdocs\code_team4\app\Controllers\Driver_edit.php(53): CodeIgniter\Debug\Exceptions->errorHandler(2, 'Use of undefine...', 'C:\\xampp\\htdocs...', 53, Array)
#1 C:\xampp\htdocs\code_team4\system\CodeIgniter.php(928): App\Controllers\driver_edit->driver_update()
#2 C:\xampp\htdocs\code_team4\system\CodeIgniter.php(436): CodeIgniter\CodeIgniter->runController(Object(App\Controllers\driver_edit))
#3 C:\xampp\htdocs\code_team4\system\CodeIgniter.php(336): CodeIgniter\CodeIgniter->handleRequest(NULL, Object(Config\Cache), false)
#4 C:\xampp\htdocs\code_team4\public\index.php(37): CodeIgniter\CodeIgniter->run()
#5 {main}
CRITICAL - 2021-08-09 08:44:53 --> Use of undefined constant car_id - assumed 'car_id' (this will throw an Error in a future version of PHP)
#0 C:\xampp\htdocs\code_team4\app\Controllers\Driver_edit.php(53): CodeIgniter\Debug\Exceptions->errorHandler(2, 'Use of undefine...', 'C:\\xampp\\htdocs...', 53, Array)
#1 C:\xampp\htdocs\code_team4\system\CodeIgniter.php(928): App\Controllers\driver_edit->driver_update()
#2 C:\xampp\htdocs\code_team4\system\CodeIgniter.php(436): CodeIgniter\CodeIgniter->runController(Object(App\Controllers\driver_edit))
#3 C:\xampp\htdocs\code_team4\system\CodeIgniter.php(336): CodeIgniter\CodeIgniter->handleRequest(NULL, Object(Config\Cache), false)
#4 C:\xampp\htdocs\code_team4\public\index.php(37): CodeIgniter\CodeIgniter->run()
#5 {main}
CRITICAL - 2021-08-09 08:44:53 --> Use of undefined constant car_id - assumed 'car_id' (this will throw an Error in a future version of PHP)
#0 C:\xampp\htdocs\code_team4\app\Controllers\Driver_edit.php(53): CodeIgniter\Debug\Exceptions->errorHandler(2, 'Use of undefine...', 'C:\\xampp\\htdocs...', 53, Array)
#1 C:\xampp\htdocs\code_team4\system\CodeIgniter.php(928): App\Controllers\driver_edit->driver_update()
#2 C:\xampp\htdocs\code_team4\system\CodeIgniter.php(436): CodeIgniter\CodeIgniter->runController(Object(App\Controllers\driver_edit))
#3 C:\xampp\htdocs\code_team4\system\CodeIgniter.php(336): CodeIgniter\CodeIgniter->handleRequest(NULL, Object(Config\Cache), false)
#4 C:\xampp\htdocs\code_team4\public\index.php(37): CodeIgniter\CodeIgniter->run()
#5 {main}
CRITICAL - 2021-08-09 08:44:53 --> Use of undefined constant car_id - assumed 'car_id' (this will throw an Error in a future version of PHP)
#0 C:\xampp\htdocs\code_team4\app\Controllers\Driver_edit.php(53): CodeIgniter\Debug\Exceptions->errorHandler(2, 'Use of undefine...', 'C:\\xampp\\htdocs...', 53, Array)
#1 C:\xampp\htdocs\code_team4\system\CodeIgniter.php(928): App\Controllers\driver_edit->driver_update()
#2 C:\xampp\htdocs\code_team4\system\CodeIgniter.php(436): CodeIgniter\CodeIgniter->runController(Object(App\Controllers\driver_edit))
#3 C:\xampp\htdocs\code_team4\system\CodeIgniter.php(336): CodeIgniter\CodeIgniter->handleRequest(NULL, Object(Config\Cache), false)
#4 C:\xampp\htdocs\code_team4\public\index.php(37): CodeIgniter\CodeIgniter->run()
#5 {main}
CRITICAL - 2021-08-09 08:44:54 --> Use of undefined constant car_id - assumed 'car_id' (this will throw an Error in a future version of PHP)
#0 C:\xampp\htdocs\code_team4\app\Controllers\Driver_edit.php(53): CodeIgniter\Debug\Exceptions->errorHandler(2, 'Use of undefine...', 'C:\\xampp\\htdocs...', 53, Array)
#1 C:\xampp\htdocs\code_team4\system\CodeIgniter.php(928): App\Controllers\driver_edit->driver_update()
#2 C:\xampp\htdocs\code_team4\system\CodeIgniter.php(436): CodeIgniter\CodeIgniter->runController(Object(App\Controllers\driver_edit))
#3 C:\xampp\htdocs\code_team4\system\CodeIgniter.php(336): CodeIgniter\CodeIgniter->handleRequest(NULL, Object(Config\Cache), false)
#4 C:\xampp\htdocs\code_team4\public\index.php(37): CodeIgniter\CodeIgniter->run()
#5 {main}
CRITICAL - 2021-08-09 08:44:54 --> Use of undefined constant car_id - assumed 'car_id' (this will throw an Error in a future version of PHP)
#0 C:\xampp\htdocs\code_team4\app\Controllers\Driver_edit.php(53): CodeIgniter\Debug\Exceptions->errorHandler(2, 'Use of undefine...', 'C:\\xampp\\htdocs...', 53, Array)
#1 C:\xampp\htdocs\code_team4\system\CodeIgniter.php(928): App\Controllers\driver_edit->driver_update()
#2 C:\xampp\htdocs\code_team4\system\CodeIgniter.php(436): CodeIgniter\CodeIgniter->runController(Object(App\Controllers\driver_edit))
#3 C:\xampp\htdocs\code_team4\system\CodeIgniter.php(336): CodeIgniter\CodeIgniter->handleRequest(NULL, Object(Config\Cache), false)
#4 C:\xampp\htdocs\code_team4\public\index.php(37): CodeIgniter\CodeIgniter->run()
#5 {main}
CRITICAL - 2021-08-09 08:44:54 --> Use of undefined constant car_id - assumed 'car_id' (this will throw an Error in a future version of PHP)
#0 C:\xampp\htdocs\code_team4\app\Controllers\Driver_edit.php(53): CodeIgniter\Debug\Exceptions->errorHandler(2, 'Use of undefine...', 'C:\\xampp\\htdocs...', 53, Array)
#1 C:\xampp\htdocs\code_team4\system\CodeIgniter.php(928): App\Controllers\driver_edit->driver_update()
#2 C:\xampp\htdocs\code_team4\system\CodeIgniter.php(436): CodeIgniter\CodeIgniter->runController(Object(App\Controllers\driver_edit))
#3 C:\xampp\htdocs\code_team4\system\CodeIgniter.php(336): CodeIgniter\CodeIgniter->handleRequest(NULL, Object(Config\Cache), false)
#4 C:\xampp\htdocs\code_team4\public\index.php(37): CodeIgniter\CodeIgniter->run()
#5 {main}
CRITICAL - 2021-08-09 08:44:54 --> Use of undefined constant car_id - assumed 'car_id' (this will throw an Error in a future version of PHP)
#0 C:\xampp\htdocs\code_team4\app\Controllers\Driver_edit.php(53): CodeIgniter\Debug\Exceptions->errorHandler(2, 'Use of undefine...', 'C:\\xampp\\htdocs...', 53, Array)
#1 C:\xampp\htdocs\code_team4\system\CodeIgniter.php(928): App\Controllers\driver_edit->driver_update()
#2 C:\xampp\htdocs\code_team4\system\CodeIgniter.php(436): CodeIgniter\CodeIgniter->runController(Object(App\Controllers\driver_edit))
#3 C:\xampp\htdocs\code_team4\system\CodeIgniter.php(336): CodeIgniter\CodeIgniter->handleRequest(NULL, Object(Config\Cache), false)
#4 C:\xampp\htdocs\code_team4\public\index.php(37): CodeIgniter\CodeIgniter->run()
#5 {main}
CRITICAL - 2021-08-09 08:44:55 --> Use of undefined constant car_id - assumed 'car_id' (this will throw an Error in a future version of PHP)
#0 C:\xampp\htdocs\code_team4\app\Controllers\Driver_edit.php(53): CodeIgniter\Debug\Exceptions->errorHandler(2, 'Use of undefine...', 'C:\\xampp\\htdocs...', 53, Array)
#1 C:\xampp\htdocs\code_team4\system\CodeIgniter.php(928): App\Controllers\driver_edit->driver_update()
#2 C:\xampp\htdocs\code_team4\system\CodeIgniter.php(436): CodeIgniter\CodeIgniter->runController(Object(App\Controllers\driver_edit))
#3 C:\xampp\htdocs\code_team4\system\CodeIgniter.php(336): CodeIgniter\CodeIgniter->handleRequest(NULL, Object(Config\Cache), false)
#4 C:\xampp\htdocs\code_team4\public\index.php(37): CodeIgniter\CodeIgniter->run()
#5 {main}
CRITICAL - 2021-08-09 08:44:55 --> Use of undefined constant car_id - assumed 'car_id' (this will throw an Error in a future version of PHP)
#0 C:\xampp\htdocs\code_team4\app\Controllers\Driver_edit.php(53): CodeIgniter\Debug\Exceptions->errorHandler(2, 'Use of undefine...', 'C:\\xampp\\htdocs...', 53, Array)
#1 C:\xampp\htdocs\code_team4\system\CodeIgniter.php(928): App\Controllers\driver_edit->driver_update()
#2 C:\xampp\htdocs\code_team4\system\CodeIgniter.php(436): CodeIgniter\CodeIgniter->runController(Object(App\Controllers\driver_edit))
#3 C:\xampp\htdocs\code_team4\system\CodeIgniter.php(336): CodeIgniter\CodeIgniter->handleRequest(NULL, Object(Config\Cache), false)
#4 C:\xampp\htdocs\code_team4\public\index.php(37): CodeIgniter\CodeIgniter->run()
#5 {main}
CRITICAL - 2021-08-09 08:44:55 --> Use of undefined constant car_id - assumed 'car_id' (this will throw an Error in a future version of PHP)
#0 C:\xampp\htdocs\code_team4\app\Controllers\Driver_edit.php(53): CodeIgniter\Debug\Exceptions->errorHandler(2, 'Use of undefine...', 'C:\\xampp\\htdocs...', 53, Array)
#1 C:\xampp\htdocs\code_team4\system\CodeIgniter.php(928): App\Controllers\driver_edit->driver_update()
#2 C:\xampp\htdocs\code_team4\system\CodeIgniter.php(436): CodeIgniter\CodeIgniter->runController(Object(App\Controllers\driver_edit))
#3 C:\xampp\htdocs\code_team4\system\CodeIgniter.php(336): CodeIgniter\CodeIgniter->handleRequest(NULL, Object(Config\Cache), false)
#4 C:\xampp\htdocs\code_team4\public\index.php(37): CodeIgniter\CodeIgniter->run()
#5 {main}
CRITICAL - 2021-08-09 08:44:55 --> Use of undefined constant car_id - assumed 'car_id' (this will throw an Error in a future version of PHP)
#0 C:\xampp\htdocs\code_team4\app\Controllers\Driver_edit.php(53): CodeIgniter\Debug\Exceptions->errorHandler(2, 'Use of undefine...', 'C:\\xampp\\htdocs...', 53, Array)
#1 C:\xampp\htdocs\code_team4\system\CodeIgniter.php(928): App\Controllers\driver_edit->driver_update()
#2 C:\xampp\htdocs\code_team4\system\CodeIgniter.php(436): CodeIgniter\CodeIgniter->runController(Object(App\Controllers\driver_edit))
#3 C:\xampp\htdocs\code_team4\system\CodeIgniter.php(336): CodeIgniter\CodeIgniter->handleRequest(NULL, Object(Config\Cache), false)
#4 C:\xampp\htdocs\code_team4\public\index.php(37): CodeIgniter\CodeIgniter->run()
#5 {main}
CRITICAL - 2021-08-09 08:44:55 --> Use of undefined constant car_id - assumed 'car_id' (this will throw an Error in a future version of PHP)
#0 C:\xampp\htdocs\code_team4\app\Controllers\Driver_edit.php(53): CodeIgniter\Debug\Exceptions->errorHandler(2, 'Use of undefine...', 'C:\\xampp\\htdocs...', 53, Array)
#1 C:\xampp\htdocs\code_team4\system\CodeIgniter.php(928): App\Controllers\driver_edit->driver_update()
#2 C:\xampp\htdocs\code_team4\system\CodeIgniter.php(436): CodeIgniter\CodeIgniter->runController(Object(App\Controllers\driver_edit))
#3 C:\xampp\htdocs\code_team4\system\CodeIgniter.php(336): CodeIgniter\CodeIgniter->handleRequest(NULL, Object(Config\Cache), false)
#4 C:\xampp\htdocs\code_team4\public\index.php(37): CodeIgniter\CodeIgniter->run()
#5 {main}
CRITICAL - 2021-08-09 08:44:56 --> Use of undefined constant car_id - assumed 'car_id' (this will throw an Error in a future version of PHP)
#0 C:\xampp\htdocs\code_team4\app\Controllers\Driver_edit.php(53): CodeIgniter\Debug\Exceptions->errorHandler(2, 'Use of undefine...', 'C:\\xampp\\htdocs...', 53, Array)
#1 C:\xampp\htdocs\code_team4\system\CodeIgniter.php(928): App\Controllers\driver_edit->driver_update()
#2 C:\xampp\htdocs\code_team4\system\CodeIgniter.php(436): CodeIgniter\CodeIgniter->runController(Object(App\Controllers\driver_edit))
#3 C:\xampp\htdocs\code_team4\system\CodeIgniter.php(336): CodeIgniter\CodeIgniter->handleRequest(NULL, Object(Config\Cache), false)
#4 C:\xampp\htdocs\code_team4\public\index.php(37): CodeIgniter\CodeIgniter->run()
#5 {main}
CRITICAL - 2021-08-09 08:44:56 --> Use of undefined constant car_id - assumed 'car_id' (this will throw an Error in a future version of PHP)
#0 C:\xampp\htdocs\code_team4\app\Controllers\Driver_edit.php(53): CodeIgniter\Debug\Exceptions->errorHandler(2, 'Use of undefine...', 'C:\\xampp\\htdocs...', 53, Array)
#1 C:\xampp\htdocs\code_team4\system\CodeIgniter.php(928): App\Controllers\driver_edit->driver_update()
#2 C:\xampp\htdocs\code_team4\system\CodeIgniter.php(436): CodeIgniter\CodeIgniter->runController(Object(App\Controllers\driver_edit))
#3 C:\xampp\htdocs\code_team4\system\CodeIgniter.php(336): CodeIgniter\CodeIgniter->handleRequest(NULL, Object(Config\Cache), false)
#4 C:\xampp\htdocs\code_team4\public\index.php(37): CodeIgniter\CodeIgniter->run()
#5 {main}
CRITICAL - 2021-08-09 08:44:56 --> Use of undefined constant car_id - assumed 'car_id' (this will throw an Error in a future version of PHP)
#0 C:\xampp\htdocs\code_team4\app\Controllers\Driver_edit.php(53): CodeIgniter\Debug\Exceptions->errorHandler(2, 'Use of undefine...', 'C:\\xampp\\htdocs...', 53, Array)
#1 C:\xampp\htdocs\code_team4\system\CodeIgniter.php(928): App\Controllers\driver_edit->driver_update()
#2 C:\xampp\htdocs\code_team4\system\CodeIgniter.php(436): CodeIgniter\CodeIgniter->runController(Object(App\Controllers\driver_edit))
#3 C:\xampp\htdocs\code_team4\system\CodeIgniter.php(336): CodeIgniter\CodeIgniter->handleRequest(NULL, Object(Config\Cache), false)
#4 C:\xampp\htdocs\code_team4\public\index.php(37): CodeIgniter\CodeIgniter->run()
#5 {main}
CRITICAL - 2021-08-09 08:44:56 --> Use of undefined constant car_id - assumed 'car_id' (this will throw an Error in a future version of PHP)
#0 C:\xampp\htdocs\code_team4\app\Controllers\Driver_edit.php(53): CodeIgniter\Debug\Exceptions->errorHandler(2, 'Use of undefine...', 'C:\\xampp\\htdocs...', 53, Array)
#1 C:\xampp\htdocs\code_team4\system\CodeIgniter.php(928): App\Controllers\driver_edit->driver_update()
#2 C:\xampp\htdocs\code_team4\system\CodeIgniter.php(436): CodeIgniter\CodeIgniter->runController(Object(App\Controllers\driver_edit))
#3 C:\xampp\htdocs\code_team4\system\CodeIgniter.php(336): CodeIgniter\CodeIgniter->handleRequest(NULL, Object(Config\Cache), false)
#4 C:\xampp\htdocs\code_team4\public\index.php(37): CodeIgniter\CodeIgniter->run()
#5 {main}
CRITICAL - 2021-08-09 08:44:57 --> Use of undefined constant car_id - assumed 'car_id' (this will throw an Error in a future version of PHP)
#0 C:\xampp\htdocs\code_team4\app\Controllers\Driver_edit.php(53): CodeIgniter\Debug\Exceptions->errorHandler(2, 'Use of undefine...', 'C:\\xampp\\htdocs...', 53, Array)
#1 C:\xampp\htdocs\code_team4\system\CodeIgniter.php(928): App\Controllers\driver_edit->driver_update()
#2 C:\xampp\htdocs\code_team4\system\CodeIgniter.php(436): CodeIgniter\CodeIgniter->runController(Object(App\Controllers\driver_edit))
#3 C:\xampp\htdocs\code_team4\system\CodeIgniter.php(336): CodeIgniter\CodeIgniter->handleRequest(NULL, Object(Config\Cache), false)
#4 C:\xampp\htdocs\code_team4\public\index.php(37): CodeIgniter\CodeIgniter->run()
#5 {main}
CRITICAL - 2021-08-09 08:44:57 --> Use of undefined constant car_id - assumed 'car_id' (this will throw an Error in a future version of PHP)
#0 C:\xampp\htdocs\code_team4\app\Controllers\Driver_edit.php(53): CodeIgniter\Debug\Exceptions->errorHandler(2, 'Use of undefine...', 'C:\\xampp\\htdocs...', 53, Array)
#1 C:\xampp\htdocs\code_team4\system\CodeIgniter.php(928): App\Controllers\driver_edit->driver_update()
#2 C:\xampp\htdocs\code_team4\system\CodeIgniter.php(436): CodeIgniter\CodeIgniter->runController(Object(App\Controllers\driver_edit))
#3 C:\xampp\htdocs\code_team4\system\CodeIgniter.php(336): CodeIgniter\CodeIgniter->handleRequest(NULL, Object(Config\Cache), false)
#4 C:\xampp\htdocs\code_team4\public\index.php(37): CodeIgniter\CodeIgniter->run()
#5 {main}
CRITICAL - 2021-08-09 08:44:57 --> Use of undefined constant car_id - assumed 'car_id' (this will throw an Error in a future version of PHP)
#0 C:\xampp\htdocs\code_team4\app\Controllers\Driver_edit.php(53): CodeIgniter\Debug\Exceptions->errorHandler(2, 'Use of undefine...', 'C:\\xampp\\htdocs...', 53, Array)
#1 C:\xampp\htdocs\code_team4\system\CodeIgniter.php(928): App\Controllers\driver_edit->driver_update()
#2 C:\xampp\htdocs\code_team4\system\CodeIgniter.php(436): CodeIgniter\CodeIgniter->runController(Object(App\Controllers\driver_edit))
#3 C:\xampp\htdocs\code_team4\system\CodeIgniter.php(336): CodeIgniter\CodeIgniter->handleRequest(NULL, Object(Config\Cache), false)
#4 C:\xampp\htdocs\code_team4\public\index.php(37): CodeIgniter\CodeIgniter->run()
#5 {main}
CRITICAL - 2021-08-09 08:44:57 --> Use of undefined constant car_id - assumed 'car_id' (this will throw an Error in a future version of PHP)
#0 C:\xampp\htdocs\code_team4\app\Controllers\Driver_edit.php(53): CodeIgniter\Debug\Exceptions->errorHandler(2, 'Use of undefine...', 'C:\\xampp\\htdocs...', 53, Array)
#1 C:\xampp\htdocs\code_team4\system\CodeIgniter.php(928): App\Controllers\driver_edit->driver_update()
#2 C:\xampp\htdocs\code_team4\system\CodeIgniter.php(436): CodeIgniter\CodeIgniter->runController(Object(App\Controllers\driver_edit))
#3 C:\xampp\htdocs\code_team4\system\CodeIgniter.php(336): CodeIgniter\CodeIgniter->handleRequest(NULL, Object(Config\Cache), false)
#4 C:\xampp\htdocs\code_team4\public\index.php(37): CodeIgniter\CodeIgniter->run()
#5 {main}
CRITICAL - 2021-08-09 08:44:58 --> Use of undefined constant car_id - assumed 'car_id' (this will throw an Error in a future version of PHP)
#0 C:\xampp\htdocs\code_team4\app\Controllers\Driver_edit.php(53): CodeIgniter\Debug\Exceptions->errorHandler(2, 'Use of undefine...', 'C:\\xampp\\htdocs...', 53, Array)
#1 C:\xampp\htdocs\code_team4\system\CodeIgniter.php(928): App\Controllers\driver_edit->driver_update()
#2 C:\xampp\htdocs\code_team4\system\CodeIgniter.php(436): CodeIgniter\CodeIgniter->runController(Object(App\Controllers\driver_edit))
#3 C:\xampp\htdocs\code_team4\system\CodeIgniter.php(336): CodeIgniter\CodeIgniter->handleRequest(NULL, Object(Config\Cache), false)
#4 C:\xampp\htdocs\code_team4\public\index.php(37): CodeIgniter\CodeIgniter->run()
#5 {main}
CRITICAL - 2021-08-09 08:44:58 --> Use of undefined constant car_id - assumed 'car_id' (this will throw an Error in a future version of PHP)
#0 C:\xampp\htdocs\code_team4\app\Controllers\Driver_edit.php(53): CodeIgniter\Debug\Exceptions->errorHandler(2, 'Use of undefine...', 'C:\\xampp\\htdocs...', 53, Array)
#1 C:\xampp\htdocs\code_team4\system\CodeIgniter.php(928): App\Controllers\driver_edit->driver_update()
#2 C:\xampp\htdocs\code_team4\system\CodeIgniter.php(436): CodeIgniter\CodeIgniter->runController(Object(App\Controllers\driver_edit))
#3 C:\xampp\htdocs\code_team4\system\CodeIgniter.php(336): CodeIgniter\CodeIgniter->handleRequest(NULL, Object(Config\Cache), false)
#4 C:\xampp\htdocs\code_team4\public\index.php(37): CodeIgniter\CodeIgniter->run()
#5 {main}
CRITICAL - 2021-08-09 08:44:58 --> Use of undefined constant car_id - assumed 'car_id' (this will throw an Error in a future version of PHP)
#0 C:\xampp\htdocs\code_team4\app\Controllers\Driver_edit.php(53): CodeIgniter\Debug\Exceptions->errorHandler(2, 'Use of undefine...', 'C:\\xampp\\htdocs...', 53, Array)
#1 C:\xampp\htdocs\code_team4\system\CodeIgniter.php(928): App\Controllers\driver_edit->driver_update()
#2 C:\xampp\htdocs\code_team4\system\CodeIgniter.php(436): CodeIgniter\CodeIgniter->runController(Object(App\Controllers\driver_edit))
#3 C:\xampp\htdocs\code_team4\system\CodeIgniter.php(336): CodeIgniter\CodeIgniter->handleRequest(NULL, Object(Config\Cache), false)
#4 C:\xampp\htdocs\code_team4\public\index.php(37): CodeIgniter\CodeIgniter->run()
#5 {main}
CRITICAL - 2021-08-09 08:44:58 --> Use of undefined constant car_id - assumed 'car_id' (this will throw an Error in a future version of PHP)
#0 C:\xampp\htdocs\code_team4\app\Controllers\Driver_edit.php(53): CodeIgniter\Debug\Exceptions->errorHandler(2, 'Use of undefine...', 'C:\\xampp\\htdocs...', 53, Array)
#1 C:\xampp\htdocs\code_team4\system\CodeIgniter.php(928): App\Controllers\driver_edit->driver_update()
#2 C:\xampp\htdocs\code_team4\system\CodeIgniter.php(436): CodeIgniter\CodeIgniter->runController(Object(App\Controllers\driver_edit))
#3 C:\xampp\htdocs\code_team4\system\CodeIgniter.php(336): CodeIgniter\CodeIgniter->handleRequest(NULL, Object(Config\Cache), false)
#4 C:\xampp\htdocs\code_team4\public\index.php(37): CodeIgniter\CodeIgniter->run()
#5 {main}
CRITICAL - 2021-08-09 08:44:58 --> Use of undefined constant car_id - assumed 'car_id' (this will throw an Error in a future version of PHP)
#0 C:\xampp\htdocs\code_team4\app\Controllers\Driver_edit.php(53): CodeIgniter\Debug\Exceptions->errorHandler(2, 'Use of undefine...', 'C:\\xampp\\htdocs...', 53, Array)
#1 C:\xampp\htdocs\code_team4\system\CodeIgniter.php(928): App\Controllers\driver_edit->driver_update()
#2 C:\xampp\htdocs\code_team4\system\CodeIgniter.php(436): CodeIgniter\CodeIgniter->runController(Object(App\Controllers\driver_edit))
#3 C:\xampp\htdocs\code_team4\system\CodeIgniter.php(336): CodeIgniter\CodeIgniter->handleRequest(NULL, Object(Config\Cache), false)
#4 C:\xampp\htdocs\code_team4\public\index.php(37): CodeIgniter\CodeIgniter->run()
#5 {main}
CRITICAL - 2021-08-09 08:44:59 --> Use of undefined constant car_id - assumed 'car_id' (this will throw an Error in a future version of PHP)
#0 C:\xampp\htdocs\code_team4\app\Controllers\Driver_edit.php(53): CodeIgniter\Debug\Exceptions->errorHandler(2, 'Use of undefine...', 'C:\\xampp\\htdocs...', 53, Array)
#1 C:\xampp\htdocs\code_team4\system\CodeIgniter.php(928): App\Controllers\driver_edit->driver_update()
#2 C:\xampp\htdocs\code_team4\system\CodeIgniter.php(436): CodeIgniter\CodeIgniter->runController(Object(App\Controllers\driver_edit))
#3 C:\xampp\htdocs\code_team4\system\CodeIgniter.php(336): CodeIgniter\CodeIgniter->handleRequest(NULL, Object(Config\Cache), false)
#4 C:\xampp\htdocs\code_team4\public\index.php(37): CodeIgniter\CodeIgniter->run()
#5 {main}
CRITICAL - 2021-08-09 08:44:59 --> Use of undefined constant car_id - assumed 'car_id' (this will throw an Error in a future version of PHP)
#0 C:\xampp\htdocs\code_team4\app\Controllers\Driver_edit.php(53): CodeIgniter\Debug\Exceptions->errorHandler(2, 'Use of undefine...', 'C:\\xampp\\htdocs...', 53, Array)
#1 C:\xampp\htdocs\code_team4\system\CodeIgniter.php(928): App\Controllers\driver_edit->driver_update()
#2 C:\xampp\htdocs\code_team4\system\CodeIgniter.php(436): CodeIgniter\CodeIgniter->runController(Object(App\Controllers\driver_edit))
#3 C:\xampp\htdocs\code_team4\system\CodeIgniter.php(336): CodeIgniter\CodeIgniter->handleRequest(NULL, Object(Config\Cache), false)
#4 C:\xampp\htdocs\code_team4\public\index.php(37): CodeIgniter\CodeIgniter->run()
#5 {main}
CRITICAL - 2021-08-09 08:45:10 --> max(): When only one parameter is given, it must be an array
#0 [internal function]: CodeIgniter\Debug\Exceptions->errorHandler(2, 'max(): When onl...', 'C:\\xampp\\htdocs...', 53, Array)
#1 C:\xampp\htdocs\code_team4\app\Controllers\Driver_edit.php(53): max('car_id')
#2 C:\xampp\htdocs\code_team4\system\CodeIgniter.php(928): App\Controllers\driver_edit->driver_update()
#3 C:\xampp\htdocs\code_team4\system\CodeIgniter.php(436): CodeIgniter\CodeIgniter->runController(Object(App\Controllers\driver_edit))
#4 C:\xampp\htdocs\code_team4\system\CodeIgniter.php(336): CodeIgniter\CodeIgniter->handleRequest(NULL, Object(Config\Cache), false)
#5 C:\xampp\htdocs\code_team4\public\index.php(37): CodeIgniter\CodeIgniter->run()
#6 {main}
CRITICAL - 2021-08-09 08:45:11 --> max(): When only one parameter is given, it must be an array
#0 [internal function]: CodeIgniter\Debug\Exceptions->errorHandler(2, 'max(): When onl...', 'C:\\xampp\\htdocs...', 53, Array)
#1 C:\xampp\htdocs\code_team4\app\Controllers\Driver_edit.php(53): max('car_id')
#2 C:\xampp\htdocs\code_team4\system\CodeIgniter.php(928): App\Controllers\driver_edit->driver_update()
#3 C:\xampp\htdocs\code_team4\system\CodeIgniter.php(436): CodeIgniter\CodeIgniter->runController(Object(App\Controllers\driver_edit))
#4 C:\xampp\htdocs\code_team4\system\CodeIgniter.php(336): CodeIgniter\CodeIgniter->handleRequest(NULL, Object(Config\Cache), false)
#5 C:\xampp\htdocs\code_team4\public\index.php(37): CodeIgniter\CodeIgniter->run()
#6 {main}
CRITICAL - 2021-08-09 08:47:41 --> max(): When only one parameter is given, it must be an array
#0 [internal function]: CodeIgniter\Debug\Exceptions->errorHandler(2, 'max(): When onl...', 'C:\\xampp\\htdocs...', 53, Array)
#1 C:\xampp\htdocs\code_team4\app\Controllers\Driver_edit.php(53): max('car_id')
#2 C:\xampp\htdocs\code_team4\system\CodeIgniter.php(928): App\Controllers\driver_edit->driver_update()
#3 C:\xampp\htdocs\code_team4\system\CodeIgniter.php(436): CodeIgniter\CodeIgniter->runController(Object(App\Controllers\driver_edit))
#4 C:\xampp\htdocs\code_team4\system\CodeIgniter.php(336): CodeIgniter\CodeIgniter->handleRequest(NULL, Object(Config\Cache), false)
#5 C:\xampp\htdocs\code_team4\public\index.php(37): CodeIgniter\CodeIgniter->run()
#6 {main}
