CRITICAL - 2021-07-28 14:27:33 --> The framework needs the following extension(s) installed and loaded: intl.
#0 C:\xampp\htdocs\code_team4\system\CodeIgniter.php(228): CodeIgniter\Exceptions\FrameworkException::forMissingExtension('intl')
#1 C:\xampp\htdocs\code_team4\system\CodeIgniter.php(180): CodeIgniter\CodeIgniter->resolvePlatformExtensions()
#2 C:\xampp\htdocs\code_team4\system\bootstrap.php(157): CodeIgniter\CodeIgniter->initialize()
#3 C:\xampp\htdocs\code_team4\public\index.php(28): require('C:\\xampp\\htdocs...')
#4 {main}
CRITICAL - 2021-07-28 14:29:50 --> The framework needs the following extension(s) installed and loaded: intl.
#0 C:\xampp\htdocs\code_team4\system\CodeIgniter.php(228): CodeIgniter\Exceptions\FrameworkException::forMissingExtension('intl')
#1 C:\xampp\htdocs\code_team4\system\CodeIgniter.php(180): CodeIgniter\CodeIgniter->resolvePlatformExtensions()
#2 C:\xampp\htdocs\code_team4\system\bootstrap.php(157): CodeIgniter\CodeIgniter->initialize()
#3 C:\xampp\htdocs\code_team4\public\index.php(28): require('C:\\xampp\\htdocs...')
#4 {main}
CRITICAL - 2021-07-28 14:30:11 --> The framework needs the following extension(s) installed and loaded: intl.
#0 C:\xampp\htdocs\code_team4\system\CodeIgniter.php(228): CodeIgniter\Exceptions\FrameworkException::forMissingExtension('intl')
#1 C:\xampp\htdocs\code_team4\system\CodeIgniter.php(180): CodeIgniter\CodeIgniter->resolvePlatformExtensions()
#2 C:\xampp\htdocs\code_team4\system\bootstrap.php(157): CodeIgniter\CodeIgniter->initialize()
#3 C:\xampp\htdocs\code_team4\public\index.php(28): require('C:\\xampp\\htdocs...')
#4 {main}
CRITICAL - 2021-07-28 14:45:25 --> The framework needs the following extension(s) installed and loaded: intl.
#0 C:\xampp\htdocs\code_team4\system\CodeIgniter.php(228): CodeIgniter\Exceptions\FrameworkException::forMissingExtension('intl')
#1 C:\xampp\htdocs\code_team4\system\CodeIgniter.php(180): CodeIgniter\CodeIgniter->resolvePlatformExtensions()
#2 C:\xampp\htdocs\code_team4\system\bootstrap.php(157): CodeIgniter\CodeIgniter->initialize()
#3 C:\xampp\htdocs\code_team4\public\index.php(28): require('C:\\xampp\\htdocs...')
#4 {main}
CRITICAL - 2021-07-28 14:45:25 --> The framework needs the following extension(s) installed and loaded: intl.
#0 C:\xampp\htdocs\code_team4\system\CodeIgniter.php(228): CodeIgniter\Exceptions\FrameworkException::forMissingExtension('intl')
#1 C:\xampp\htdocs\code_team4\system\CodeIgniter.php(180): CodeIgniter\CodeIgniter->resolvePlatformExtensions()
#2 C:\xampp\htdocs\code_team4\system\bootstrap.php(157): CodeIgniter\CodeIgniter->initialize()
#3 C:\xampp\htdocs\code_team4\public\index.php(28): require('C:\\xampp\\htdocs...')
#4 {main}
ERROR - 2021-07-28 07:47:39 --> Error connecting to the database: Unknown database 'team4_manager'
CRITICAL - 2021-07-28 07:47:39 --> Unable to connect to the database.
Main connection [MySQLi]: Unknown database 'team4_manager'
#0 C:\xampp\htdocs\code_team4\system\Database\BaseConnection.php(625): CodeIgniter\Database\BaseConnection->initialize()
#1 C:\xampp\htdocs\code_team4\system\Database\BaseBuilder.php(1881): CodeIgniter\Database\BaseConnection->query('SELECT *\nFROM `...', Array, false)
#2 C:\xampp\htdocs\code_team4\system\Model.php(197): CodeIgniter\Database\BaseBuilder->get()
#3 C:\xampp\htdocs\code_team4\system\BaseModel.php(603): CodeIgniter\Model->doFindAll(0, 0)
#4 C:\xampp\htdocs\code_team4\app\Controllers\NamesCrud.php(9): CodeIgniter\BaseModel->findAll()
#5 C:\xampp\htdocs\code_team4\system\CodeIgniter.php(928): App\Controllers\NamesCrud->index()
#6 C:\xampp\htdocs\code_team4\system\CodeIgniter.php(436): CodeIgniter\CodeIgniter->runController(Object(App\Controllers\NamesCrud))
#7 C:\xampp\htdocs\code_team4\system\CodeIgniter.php(336): CodeIgniter\CodeIgniter->handleRequest(NULL, Object(Config\Cache), false)
#8 C:\xampp\htdocs\code_team4\public\index.php(37): CodeIgniter\CodeIgniter->run()
#9 {main}
ERROR - 2021-07-28 07:47:40 --> Error connecting to the database: Unknown database 'team4_manager'
CRITICAL - 2021-07-28 07:47:40 --> Unable to connect to the database.
Main connection [MySQLi]: Unknown database 'team4_manager'
#0 C:\xampp\htdocs\code_team4\system\Database\BaseConnection.php(625): CodeIgniter\Database\BaseConnection->initialize()
#1 C:\xampp\htdocs\code_team4\system\Database\BaseBuilder.php(1881): CodeIgniter\Database\BaseConnection->query('SELECT *\nFROM `...', Array, false)
#2 C:\xampp\htdocs\code_team4\system\Model.php(197): CodeIgniter\Database\BaseBuilder->get()
#3 C:\xampp\htdocs\code_team4\system\BaseModel.php(603): CodeIgniter\Model->doFindAll(0, 0)
#4 C:\xampp\htdocs\code_team4\app\Controllers\NamesCrud.php(9): CodeIgniter\BaseModel->findAll()
#5 C:\xampp\htdocs\code_team4\system\CodeIgniter.php(928): App\Controllers\NamesCrud->index()
#6 C:\xampp\htdocs\code_team4\system\CodeIgniter.php(436): CodeIgniter\CodeIgniter->runController(Object(App\Controllers\NamesCrud))
#7 C:\xampp\htdocs\code_team4\system\CodeIgniter.php(336): CodeIgniter\CodeIgniter->handleRequest(NULL, Object(Config\Cache), false)
#8 C:\xampp\htdocs\code_team4\public\index.php(37): CodeIgniter\CodeIgniter->run()
#9 {main}
ERROR - 2021-07-28 07:47:41 --> Error connecting to the database: Unknown database 'team4_manager'
CRITICAL - 2021-07-28 07:47:41 --> Unable to connect to the database.
Main connection [MySQLi]: Unknown database 'team4_manager'
#0 C:\xampp\htdocs\code_team4\system\Database\BaseConnection.php(625): CodeIgniter\Database\BaseConnection->initialize()
#1 C:\xampp\htdocs\code_team4\system\Database\BaseBuilder.php(1881): CodeIgniter\Database\BaseConnection->query('SELECT *\nFROM `...', Array, false)
#2 C:\xampp\htdocs\code_team4\system\Model.php(197): CodeIgniter\Database\BaseBuilder->get()
#3 C:\xampp\htdocs\code_team4\system\BaseModel.php(603): CodeIgniter\Model->doFindAll(0, 0)
#4 C:\xampp\htdocs\code_team4\app\Controllers\NamesCrud.php(9): CodeIgniter\BaseModel->findAll()
#5 C:\xampp\htdocs\code_team4\system\CodeIgniter.php(928): App\Controllers\NamesCrud->index()
#6 C:\xampp\htdocs\code_team4\system\CodeIgniter.php(436): CodeIgniter\CodeIgniter->runController(Object(App\Controllers\NamesCrud))
#7 C:\xampp\htdocs\code_team4\system\CodeIgniter.php(336): CodeIgniter\CodeIgniter->handleRequest(NULL, Object(Config\Cache), false)
#8 C:\xampp\htdocs\code_team4\public\index.php(37): CodeIgniter\CodeIgniter->run()
#9 {main}
ERROR - 2021-07-28 07:47:41 --> Error connecting to the database: Unknown database 'team4_manager'
CRITICAL - 2021-07-28 07:47:41 --> Unable to connect to the database.
Main connection [MySQLi]: Unknown database 'team4_manager'
#0 C:\xampp\htdocs\code_team4\system\Database\BaseConnection.php(625): CodeIgniter\Database\BaseConnection->initialize()
#1 C:\xampp\htdocs\code_team4\system\Database\BaseBuilder.php(1881): CodeIgniter\Database\BaseConnection->query('SELECT *\nFROM `...', Array, false)
#2 C:\xampp\htdocs\code_team4\system\Model.php(197): CodeIgniter\Database\BaseBuilder->get()
#3 C:\xampp\htdocs\code_team4\system\BaseModel.php(603): CodeIgniter\Model->doFindAll(0, 0)
#4 C:\xampp\htdocs\code_team4\app\Controllers\NamesCrud.php(9): CodeIgniter\BaseModel->findAll()
#5 C:\xampp\htdocs\code_team4\system\CodeIgniter.php(928): App\Controllers\NamesCrud->index()
#6 C:\xampp\htdocs\code_team4\system\CodeIgniter.php(436): CodeIgniter\CodeIgniter->runController(Object(App\Controllers\NamesCrud))
#7 C:\xampp\htdocs\code_team4\system\CodeIgniter.php(336): CodeIgniter\CodeIgniter->handleRequest(NULL, Object(Config\Cache), false)
#8 C:\xampp\htdocs\code_team4\public\index.php(37): CodeIgniter\CodeIgniter->run()
#9 {main}
ERROR - 2021-07-28 07:47:42 --> Error connecting to the database: Unknown database 'team4_manager'
CRITICAL - 2021-07-28 07:47:42 --> Unable to connect to the database.
Main connection [MySQLi]: Unknown database 'team4_manager'
#0 C:\xampp\htdocs\code_team4\system\Database\BaseConnection.php(625): CodeIgniter\Database\BaseConnection->initialize()
#1 C:\xampp\htdocs\code_team4\system\Database\BaseBuilder.php(1881): CodeIgniter\Database\BaseConnection->query('SELECT *\nFROM `...', Array, false)
#2 C:\xampp\htdocs\code_team4\system\Model.php(197): CodeIgniter\Database\BaseBuilder->get()
#3 C:\xampp\htdocs\code_team4\system\BaseModel.php(603): CodeIgniter\Model->doFindAll(0, 0)
#4 C:\xampp\htdocs\code_team4\app\Controllers\NamesCrud.php(9): CodeIgniter\BaseModel->findAll()
#5 C:\xampp\htdocs\code_team4\system\CodeIgniter.php(928): App\Controllers\NamesCrud->index()
#6 C:\xampp\htdocs\code_team4\system\CodeIgniter.php(436): CodeIgniter\CodeIgniter->runController(Object(App\Controllers\NamesCrud))
#7 C:\xampp\htdocs\code_team4\system\CodeIgniter.php(336): CodeIgniter\CodeIgniter->handleRequest(NULL, Object(Config\Cache), false)
#8 C:\xampp\htdocs\code_team4\public\index.php(37): CodeIgniter\CodeIgniter->run()
#9 {main}
ERROR - 2021-07-28 07:48:04 --> Error connecting to the database: Unknown database 'team4_manager'
CRITICAL - 2021-07-28 07:48:04 --> Unable to connect to the database.
Main connection [MySQLi]: Unknown database 'team4_manager'
#0 C:\xampp\htdocs\code_team4\system\Database\BaseConnection.php(625): CodeIgniter\Database\BaseConnection->initialize()
#1 C:\xampp\htdocs\code_team4\app\Models\M_member.php(13): CodeIgniter\Database\BaseConnection->query('SELECT * FROM t...')
#2 C:\xampp\htdocs\code_team4\app\Controllers\Member.php(13): App\Models\M_member->get_all()
#3 C:\xampp\htdocs\code_team4\system\CodeIgniter.php(928): App\Controllers\Member->index()
#4 C:\xampp\htdocs\code_team4\system\CodeIgniter.php(436): CodeIgniter\CodeIgniter->runController(Object(App\Controllers\Member))
#5 C:\xampp\htdocs\code_team4\system\CodeIgniter.php(336): CodeIgniter\CodeIgniter->handleRequest(NULL, Object(Config\Cache), false)
#6 C:\xampp\htdocs\code_team4\public\index.php(37): CodeIgniter\CodeIgniter->run()
#7 {main}
ERROR - 2021-07-28 07:49:01 --> Error connecting to the database: Unknown database 'team4_manager'
CRITICAL - 2021-07-28 07:49:01 --> Unable to connect to the database.
Main connection [MySQLi]: Unknown database 'team4_manager'
#0 C:\xampp\htdocs\code_team4\system\Database\BaseConnection.php(625): CodeIgniter\Database\BaseConnection->initialize()
#1 C:\xampp\htdocs\code_team4\app\Models\M_member.php(13): CodeIgniter\Database\BaseConnection->query('SELECT * FROM t...')
#2 C:\xampp\htdocs\code_team4\app\Controllers\Dashboard.php(12): App\Models\M_member->get_all()
#3 C:\xampp\htdocs\code_team4\system\CodeIgniter.php(928): App\Controllers\Dashboard->index()
#4 C:\xampp\htdocs\code_team4\system\CodeIgniter.php(436): CodeIgniter\CodeIgniter->runController(Object(App\Controllers\Dashboard))
#5 C:\xampp\htdocs\code_team4\system\CodeIgniter.php(336): CodeIgniter\CodeIgniter->handleRequest(NULL, Object(Config\Cache), false)
#6 C:\xampp\htdocs\code_team4\public\index.php(37): CodeIgniter\CodeIgniter->run()
#7 {main}
ERROR - 2021-07-28 07:49:09 --> Error connecting to the database: Unknown database 'team4_manager'
CRITICAL - 2021-07-28 07:49:09 --> Unable to connect to the database.
Main connection [MySQLi]: Unknown database 'team4_manager'
#0 C:\xampp\htdocs\code_team4\system\Database\BaseConnection.php(625): CodeIgniter\Database\BaseConnection->initialize()
#1 C:\xampp\htdocs\code_team4\app\Models\M_member.php(13): CodeIgniter\Database\BaseConnection->query('SELECT * FROM t...')
#2 C:\xampp\htdocs\code_team4\app\Controllers\Dashboard.php(12): App\Models\M_member->get_all()
#3 C:\xampp\htdocs\code_team4\system\CodeIgniter.php(928): App\Controllers\Dashboard->index()
#4 C:\xampp\htdocs\code_team4\system\CodeIgniter.php(436): CodeIgniter\CodeIgniter->runController(Object(App\Controllers\Dashboard))
#5 C:\xampp\htdocs\code_team4\system\CodeIgniter.php(336): CodeIgniter\CodeIgniter->handleRequest(NULL, Object(Config\Cache), false)
#6 C:\xampp\htdocs\code_team4\public\index.php(37): CodeIgniter\CodeIgniter->run()
#7 {main}
ERROR - 2021-07-28 07:49:27 --> Error connecting to the database: Unknown database 'team4_manager'
CRITICAL - 2021-07-28 07:49:27 --> Unable to connect to the database.
Main connection [MySQLi]: Unknown database 'team4_manager'
#0 C:\xampp\htdocs\code_team4\system\Database\BaseConnection.php(625): CodeIgniter\Database\BaseConnection->initialize()
#1 C:\xampp\htdocs\code_team4\app\Models\M_member.php(13): CodeIgniter\Database\BaseConnection->query('SELECT * FROM t...')
#2 C:\xampp\htdocs\code_team4\app\Controllers\Dashboard.php(12): App\Models\M_member->get_all()
#3 C:\xampp\htdocs\code_team4\system\CodeIgniter.php(928): App\Controllers\Dashboard->index()
#4 C:\xampp\htdocs\code_team4\system\CodeIgniter.php(436): CodeIgniter\CodeIgniter->runController(Object(App\Controllers\Dashboard))
#5 C:\xampp\htdocs\code_team4\system\CodeIgniter.php(336): CodeIgniter\CodeIgniter->handleRequest(NULL, Object(Config\Cache), false)
#6 C:\xampp\htdocs\code_team4\public\index.php(37): CodeIgniter\CodeIgniter->run()
#7 {main}
ERROR - 2021-07-28 07:50:03 --> Error connecting to the database: Unknown database 'team4_manager'
CRITICAL - 2021-07-28 07:50:03 --> Unable to connect to the database.
Main connection [MySQLi]: Unknown database 'team4_manager'
#0 C:\xampp\htdocs\code_team4\system\Database\BaseConnection.php(625): CodeIgniter\Database\BaseConnection->initialize()
#1 C:\xampp\htdocs\code_team4\app\Models\M_member.php(13): CodeIgniter\Database\BaseConnection->query('SELECT * FROM t...')
#2 C:\xampp\htdocs\code_team4\app\Controllers\Dashboard.php(12): App\Models\M_member->get_all()
#3 C:\xampp\htdocs\code_team4\system\CodeIgniter.php(928): App\Controllers\Dashboard->index()
#4 C:\xampp\htdocs\code_team4\system\CodeIgniter.php(436): CodeIgniter\CodeIgniter->runController(Object(App\Controllers\Dashboard))
#5 C:\xampp\htdocs\code_team4\system\CodeIgniter.php(336): CodeIgniter\CodeIgniter->handleRequest(NULL, Object(Config\Cache), false)
#6 C:\xampp\htdocs\code_team4\public\index.php(37): CodeIgniter\CodeIgniter->run()
#7 {main}
ERROR - 2021-07-28 07:50:07 --> Error connecting to the database: Unknown database 'team4_manager'
CRITICAL - 2021-07-28 07:50:07 --> Unable to connect to the database.
Main connection [MySQLi]: Unknown database 'team4_manager'
#0 C:\xampp\htdocs\code_team4\system\Database\BaseConnection.php(625): CodeIgniter\Database\BaseConnection->initialize()
#1 C:\xampp\htdocs\code_team4\app\Models\M_member.php(13): CodeIgniter\Database\BaseConnection->query('SELECT * FROM t...')
#2 C:\xampp\htdocs\code_team4\app\Controllers\Dashboard.php(12): App\Models\M_member->get_all()
#3 C:\xampp\htdocs\code_team4\system\CodeIgniter.php(928): App\Controllers\Dashboard->index()
#4 C:\xampp\htdocs\code_team4\system\CodeIgniter.php(436): CodeIgniter\CodeIgniter->runController(Object(App\Controllers\Dashboard))
#5 C:\xampp\htdocs\code_team4\system\CodeIgniter.php(336): CodeIgniter\CodeIgniter->handleRequest(NULL, Object(Config\Cache), false)
#6 C:\xampp\htdocs\code_team4\public\index.php(37): CodeIgniter\CodeIgniter->run()
#7 {main}
ERROR - 2021-07-28 07:53:59 --> Error connecting to the database: Unknown database 'team4_manager'
CRITICAL - 2021-07-28 07:53:59 --> Unable to connect to the database.
Main connection [MySQLi]: Unknown database 'team4_manager'
#0 C:\xampp\htdocs\code_team4\system\Database\BaseConnection.php(625): CodeIgniter\Database\BaseConnection->initialize()
#1 C:\xampp\htdocs\code_team4\app\Models\M_member.php(13): CodeIgniter\Database\BaseConnection->query('SELECT * FROM t...')
#2 C:\xampp\htdocs\code_team4\app\Controllers\Member.php(13): App\Models\M_member->get_all()
#3 C:\xampp\htdocs\code_team4\system\CodeIgniter.php(928): App\Controllers\Member->index()
#4 C:\xampp\htdocs\code_team4\system\CodeIgniter.php(436): CodeIgniter\CodeIgniter->runController(Object(App\Controllers\Member))
#5 C:\xampp\htdocs\code_team4\system\CodeIgniter.php(336): CodeIgniter\CodeIgniter->handleRequest(NULL, Object(Config\Cache), false)
#6 C:\xampp\htdocs\code_team4\public\index.php(37): CodeIgniter\CodeIgniter->run()
#7 {main}
ERROR - 2021-07-28 07:54:06 --> Error connecting to the database: Unknown database 'team4_manager'
CRITICAL - 2021-07-28 07:54:06 --> Unable to connect to the database.
Main connection [MySQLi]: Unknown database 'team4_manager'
#0 C:\xampp\htdocs\code_team4\system\Database\BaseConnection.php(625): CodeIgniter\Database\BaseConnection->initialize()
#1 C:\xampp\htdocs\code_team4\app\Models\M_member.php(13): CodeIgniter\Database\BaseConnection->query('SELECT * FROM t...')
#2 C:\xampp\htdocs\code_team4\app\Controllers\Dashboard.php(12): App\Models\M_member->get_all()
#3 C:\xampp\htdocs\code_team4\system\CodeIgniter.php(928): App\Controllers\Dashboard->index()
#4 C:\xampp\htdocs\code_team4\system\CodeIgniter.php(436): CodeIgniter\CodeIgniter->runController(Object(App\Controllers\Dashboard))
#5 C:\xampp\htdocs\code_team4\system\CodeIgniter.php(336): CodeIgniter\CodeIgniter->handleRequest(NULL, Object(Config\Cache), false)
#6 C:\xampp\htdocs\code_team4\public\index.php(37): CodeIgniter\CodeIgniter->run()
#7 {main}
CRITICAL - 2021-07-28 08:11:13 --> Too few arguments to function App\Controllers\Car_type_show::say_hi(), 0 passed in C:\xampp\htdocs\code_team4\system\CodeIgniter.php on line 928 and exactly 1 expected
#0 C:\xampp\htdocs\code_team4\system\CodeIgniter.php(928): App\Controllers\Car_type_show->say_hi()
#1 C:\xampp\htdocs\code_team4\system\CodeIgniter.php(436): CodeIgniter\CodeIgniter->runController(Object(App\Controllers\Car_type_show))
#2 C:\xampp\htdocs\code_team4\system\CodeIgniter.php(336): CodeIgniter\CodeIgniter->handleRequest(NULL, Object(Config\Cache), false)
#3 C:\xampp\htdocs\code_team4\public\index.php(37): CodeIgniter\CodeIgniter->run()
#4 {main}
CRITICAL - 2021-07-28 08:11:14 --> Too few arguments to function App\Controllers\Car_type_show::say_hi(), 0 passed in C:\xampp\htdocs\code_team4\system\CodeIgniter.php on line 928 and exactly 1 expected
#0 C:\xampp\htdocs\code_team4\system\CodeIgniter.php(928): App\Controllers\Car_type_show->say_hi()
#1 C:\xampp\htdocs\code_team4\system\CodeIgniter.php(436): CodeIgniter\CodeIgniter->runController(Object(App\Controllers\Car_type_show))
#2 C:\xampp\htdocs\code_team4\system\CodeIgniter.php(336): CodeIgniter\CodeIgniter->handleRequest(NULL, Object(Config\Cache), false)
#3 C:\xampp\htdocs\code_team4\public\index.php(37): CodeIgniter\CodeIgniter->run()
#4 {main}
CRITICAL - 2021-07-28 08:37:49 --> Class 'App\Controllers\T4MNG_Controller' not found
#0 C:\xampp\htdocs\code_team4\system\Autoloader\Autoloader.php(300): include_once()
#1 C:\xampp\htdocs\code_team4\system\Autoloader\Autoloader.php(273): CodeIgniter\Autoloader\Autoloader->includeFile('C:\\xampp\\htdocs...')
#2 C:\xampp\htdocs\code_team4\system\Autoloader\Autoloader.php(247): CodeIgniter\Autoloader\Autoloader->loadInNamespace('App\\Controllers...')
#3 [internal function]: CodeIgniter\Autoloader\Autoloader->loadClass('App\\Controllers...')
#4 [internal function]: spl_autoload_call('App\\Controllers...')
#5 C:\xampp\htdocs\code_team4\system\CodeIgniter.php(885): class_exists('\\App\\Controller...', true)
#6 C:\xampp\htdocs\code_team4\system\CodeIgniter.php(421): CodeIgniter\CodeIgniter->startController()
#7 C:\xampp\htdocs\code_team4\system\CodeIgniter.php(336): CodeIgniter\CodeIgniter->handleRequest(NULL, Object(Config\Cache), false)
#8 C:\xampp\htdocs\code_team4\public\index.php(37): CodeIgniter\CodeIgniter->run()
#9 {main}
CRITICAL - 2021-07-28 10:45:43 --> Class 'App\Models\M_cdms_customer' not found
#0 C:\xampp\htdocs\code_team4\system\CodeIgniter.php(928): App\Controllers\Customer_show->index()
#1 C:\xampp\htdocs\code_team4\system\CodeIgniter.php(436): CodeIgniter\CodeIgniter->runController(Object(App\Controllers\Customer_show))
#2 C:\xampp\htdocs\code_team4\system\CodeIgniter.php(336): CodeIgniter\CodeIgniter->handleRequest(NULL, Object(Config\Cache), false)
#3 C:\xampp\htdocs\code_team4\public\index.php(37): CodeIgniter\CodeIgniter->run()
#4 {main}
CRITICAL - 2021-07-28 10:46:09 --> Class 'App\Models\M_cdms_customer' not found
#0 C:\xampp\htdocs\code_team4\system\CodeIgniter.php(928): App\Controllers\Customer_show->index()
#1 C:\xampp\htdocs\code_team4\system\CodeIgniter.php(436): CodeIgniter\CodeIgniter->runController(Object(App\Controllers\Customer_show))
#2 C:\xampp\htdocs\code_team4\system\CodeIgniter.php(336): CodeIgniter\CodeIgniter->handleRequest(NULL, Object(Config\Cache), false)
#3 C:\xampp\htdocs\code_team4\public\index.php(37): CodeIgniter\CodeIgniter->run()
#4 {main}
CRITICAL - 2021-07-28 10:46:10 --> Class 'App\Models\M_cdms_customer' not found
#0 C:\xampp\htdocs\code_team4\system\CodeIgniter.php(928): App\Controllers\Customer_show->index()
#1 C:\xampp\htdocs\code_team4\system\CodeIgniter.php(436): CodeIgniter\CodeIgniter->runController(Object(App\Controllers\Customer_show))
#2 C:\xampp\htdocs\code_team4\system\CodeIgniter.php(336): CodeIgniter\CodeIgniter->handleRequest(NULL, Object(Config\Cache), false)
#3 C:\xampp\htdocs\code_team4\public\index.php(37): CodeIgniter\CodeIgniter->run()
#4 {main}
CRITICAL - 2021-07-28 10:46:25 --> count(): Parameter must be an array or an object that implements Countable
#0 C:\xampp\htdocs\code_team4\app\Views\v_customer_show.php(16): CodeIgniter\Debug\Exceptions->errorHandler(2, 'count(): Parame...', 'C:\\xampp\\htdocs...', 16, Array)
#1 C:\xampp\htdocs\code_team4\system\View\View.php(230): include('C:\\xampp\\htdocs...')
#2 C:\xampp\htdocs\code_team4\system\View\View.php(232): CodeIgniter\View\View->CodeIgniter\View\{closure}()
#3 C:\xampp\htdocs\code_team4\system\Common.php(1271): CodeIgniter\View\View->render('v_customer_show', Array, true)
#4 C:\xampp\htdocs\code_team4\app\Controllers\Cdms_controller.php(55): view('v_customer_show', Array)
#5 C:\xampp\htdocs\code_team4\app\Controllers\Customer_show.php(11): App\Controllers\Cdms_controller->output('v_customer_show', Array)
#6 C:\xampp\htdocs\code_team4\system\CodeIgniter.php(928): App\Controllers\Customer_show->index()
#7 C:\xampp\htdocs\code_team4\system\CodeIgniter.php(436): CodeIgniter\CodeIgniter->runController(Object(App\Controllers\Customer_show))
#8 C:\xampp\htdocs\code_team4\system\CodeIgniter.php(336): CodeIgniter\CodeIgniter->handleRequest(NULL, Object(Config\Cache), false)
#9 C:\xampp\htdocs\code_team4\public\index.php(37): CodeIgniter\CodeIgniter->run()
#10 {main}
CRITICAL - 2021-07-28 10:58:20 --> syntax error, unexpected 'echo' (T_ECHO)
#0 C:\xampp\htdocs\code_team4\system\View\View.php(232): CodeIgniter\View\View->CodeIgniter\View\{closure}()
#1 C:\xampp\htdocs\code_team4\system\Common.php(1271): CodeIgniter\View\View->render('v_customer_show', Array, true)
#2 C:\xampp\htdocs\code_team4\app\Controllers\Cdms_controller.php(55): view('v_customer_show', Array)
#3 C:\xampp\htdocs\code_team4\app\Controllers\Customer_show.php(11): App\Controllers\Cdms_controller->output('v_customer_show', Array)
#4 C:\xampp\htdocs\code_team4\system\CodeIgniter.php(928): App\Controllers\Customer_show->index()
#5 C:\xampp\htdocs\code_team4\system\CodeIgniter.php(436): CodeIgniter\CodeIgniter->runController(Object(App\Controllers\Customer_show))
#6 C:\xampp\htdocs\code_team4\system\CodeIgniter.php(336): CodeIgniter\CodeIgniter->handleRequest(NULL, Object(Config\Cache), false)
#7 C:\xampp\htdocs\code_team4\public\index.php(37): CodeIgniter\CodeIgniter->run()
#8 {main}
CRITICAL - 2021-07-28 10:58:35 --> syntax error, unexpected 'echo' (T_ECHO)
#0 C:\xampp\htdocs\code_team4\system\View\View.php(232): CodeIgniter\View\View->CodeIgniter\View\{closure}()
#1 C:\xampp\htdocs\code_team4\system\Common.php(1271): CodeIgniter\View\View->render('v_customer_show', Array, true)
#2 C:\xampp\htdocs\code_team4\app\Controllers\Cdms_controller.php(55): view('v_customer_show', Array)
#3 C:\xampp\htdocs\code_team4\app\Controllers\Customer_show.php(11): App\Controllers\Cdms_controller->output('v_customer_show', Array)
#4 C:\xampp\htdocs\code_team4\system\CodeIgniter.php(928): App\Controllers\Customer_show->index()
#5 C:\xampp\htdocs\code_team4\system\CodeIgniter.php(436): CodeIgniter\CodeIgniter->runController(Object(App\Controllers\Customer_show))
#6 C:\xampp\htdocs\code_team4\system\CodeIgniter.php(336): CodeIgniter\CodeIgniter->handleRequest(NULL, Object(Config\Cache), false)
#7 C:\xampp\htdocs\code_team4\public\index.php(37): CodeIgniter\CodeIgniter->run()
#8 {main}
CRITICAL - 2021-07-28 10:59:04 --> Use of undefined constant cus_branch - assumed 'cus_branch' (this will throw an Error in a future version of PHP)
#0 C:\xampp\htdocs\code_team4\app\Views\v_customer_show.php(29): CodeIgniter\Debug\Exceptions->errorHandler(2, 'Use of undefine...', 'C:\\xampp\\htdocs...', 29, Array)
#1 C:\xampp\htdocs\code_team4\system\View\View.php(230): include('C:\\xampp\\htdocs...')
#2 C:\xampp\htdocs\code_team4\system\View\View.php(232): CodeIgniter\View\View->CodeIgniter\View\{closure}()
#3 C:\xampp\htdocs\code_team4\system\Common.php(1271): CodeIgniter\View\View->render('v_customer_show', Array, true)
#4 C:\xampp\htdocs\code_team4\app\Controllers\Cdms_controller.php(55): view('v_customer_show', Array)
#5 C:\xampp\htdocs\code_team4\app\Controllers\Customer_show.php(11): App\Controllers\Cdms_controller->output('v_customer_show', Array)
#6 C:\xampp\htdocs\code_team4\system\CodeIgniter.php(928): App\Controllers\Customer_show->index()
#7 C:\xampp\htdocs\code_team4\system\CodeIgniter.php(436): CodeIgniter\CodeIgniter->runController(Object(App\Controllers\Customer_show))
#8 C:\xampp\htdocs\code_team4\system\CodeIgniter.php(336): CodeIgniter\CodeIgniter->handleRequest(NULL, Object(Config\Cache), false)
#9 C:\xampp\htdocs\code_team4\public\index.php(37): CodeIgniter\CodeIgniter->run()
#10 {main}
CRITICAL - 2021-07-28 10:59:05 --> Use of undefined constant cus_branch - assumed 'cus_branch' (this will throw an Error in a future version of PHP)
#0 C:\xampp\htdocs\code_team4\app\Views\v_customer_show.php(29): CodeIgniter\Debug\Exceptions->errorHandler(2, 'Use of undefine...', 'C:\\xampp\\htdocs...', 29, Array)
#1 C:\xampp\htdocs\code_team4\system\View\View.php(230): include('C:\\xampp\\htdocs...')
#2 C:\xampp\htdocs\code_team4\system\View\View.php(232): CodeIgniter\View\View->CodeIgniter\View\{closure}()
#3 C:\xampp\htdocs\code_team4\system\Common.php(1271): CodeIgniter\View\View->render('v_customer_show', Array, true)
#4 C:\xampp\htdocs\code_team4\app\Controllers\Cdms_controller.php(55): view('v_customer_show', Array)
#5 C:\xampp\htdocs\code_team4\app\Controllers\Customer_show.php(11): App\Controllers\Cdms_controller->output('v_customer_show', Array)
#6 C:\xampp\htdocs\code_team4\system\CodeIgniter.php(928): App\Controllers\Customer_show->index()
#7 C:\xampp\htdocs\code_team4\system\CodeIgniter.php(436): CodeIgniter\CodeIgniter->runController(Object(App\Controllers\Customer_show))
#8 C:\xampp\htdocs\code_team4\system\CodeIgniter.php(336): CodeIgniter\CodeIgniter->handleRequest(NULL, Object(Config\Cache), false)
#9 C:\xampp\htdocs\code_team4\public\index.php(37): CodeIgniter\CodeIgniter->run()
#10 {main}
