CRITICAL - 2021-07-30 07:33:56 --> Class 'App\Controllers\T4MNG_Controller' not found
#0 C:\xampp\htdocs\code_team4\system\Router\Router.php(566): include_once()
#1 C:\xampp\htdocs\code_team4\system\Router\Router.php(169): CodeIgniter\Router\Router->autoRoute('Dashboard')
#2 C:\xampp\htdocs\code_team4\system\CodeIgniter.php(809): CodeIgniter\Router\Router->handle('Dashboard')
#3 C:\xampp\htdocs\code_team4\system\CodeIgniter.php(389): CodeIgniter\CodeIgniter->tryToRouteIt(Object(CodeIgniter\Router\RouteCollection))
#4 C:\xampp\htdocs\code_team4\system\CodeIgniter.php(336): CodeIgniter\CodeIgniter->handleRequest(NULL, Object(Config\Cache), false)
#5 C:\xampp\htdocs\code_team4\public\index.php(37): CodeIgniter\CodeIgniter->run()
#6 {main}
CRITICAL - 2021-07-30 09:01:57 --> Class 'App\Controllers\T4MNG_Controller' not found
#0 C:\xampp\htdocs\code_team4\system\Router\Router.php(566): include_once()
#1 C:\xampp\htdocs\code_team4\system\Router\Router.php(169): CodeIgniter\Router\Router->autoRoute('Dashboard')
#2 C:\xampp\htdocs\code_team4\system\CodeIgniter.php(809): CodeIgniter\Router\Router->handle('Dashboard')
#3 C:\xampp\htdocs\code_team4\system\CodeIgniter.php(389): CodeIgniter\CodeIgniter->tryToRouteIt(Object(CodeIgniter\Router\RouteCollection))
#4 C:\xampp\htdocs\code_team4\system\CodeIgniter.php(336): CodeIgniter\CodeIgniter->handleRequest(NULL, Object(Config\Cache), false)
#5 C:\xampp\htdocs\code_team4\public\index.php(37): CodeIgniter\CodeIgniter->run()
#6 {main}
CRITICAL - 2021-07-30 09:44:10 --> Class 'App\Controllers\T4MNG_Controller' not found
#0 C:\xampp\htdocs\code_team4\system\Router\Router.php(566): include_once()
#1 C:\xampp\htdocs\code_team4\system\Router\Router.php(169): CodeIgniter\Router\Router->autoRoute('Dashboard/show_...')
#2 C:\xampp\htdocs\code_team4\system\CodeIgniter.php(809): CodeIgniter\Router\Router->handle('Dashboard/show_...')
#3 C:\xampp\htdocs\code_team4\system\CodeIgniter.php(389): CodeIgniter\CodeIgniter->tryToRouteIt(Object(CodeIgniter\Router\RouteCollection))
#4 C:\xampp\htdocs\code_team4\system\CodeIgniter.php(336): CodeIgniter\CodeIgniter->handleRequest(NULL, Object(Config\Cache), false)
#5 C:\xampp\htdocs\code_team4\public\index.php(37): CodeIgniter\CodeIgniter->run()
#6 {main}
CRITICAL - 2021-07-30 09:54:13 --> syntax error, unexpected 'Container' (T_STRING), expecting ']'
#0 C:\xampp\htdocs\code_team4\system\View\View.php(232): CodeIgniter\View\View->CodeIgniter\View\{closure}()
#1 C:\xampp\htdocs\code_team4\system\Common.php(1271): CodeIgniter\View\View->render('v_customer_show...', Array, true)
#2 C:\xampp\htdocs\code_team4\app\Controllers\Cdms_controller.php(55): view('v_customer_show...', Array)
#3 C:\xampp\htdocs\code_team4\app\Controllers\Customer_show.php(15): App\Controllers\Cdms_controller->output('v_customer_show...', Array)
#4 C:\xampp\htdocs\code_team4\system\CodeIgniter.php(928): App\Controllers\Customer_show->customer_show_ajax()
#5 C:\xampp\htdocs\code_team4\system\CodeIgniter.php(436): CodeIgniter\CodeIgniter->runController(Object(App\Controllers\Customer_show))
#6 C:\xampp\htdocs\code_team4\system\CodeIgniter.php(336): CodeIgniter\CodeIgniter->handleRequest(NULL, Object(Config\Cache), false)
#7 C:\xampp\htdocs\code_team4\public\index.php(37): CodeIgniter\CodeIgniter->run()
#8 {main}
